Log file open, 10/03/17 15:31:31
LogWindows: LoadLibraryWithSearchPaths failed for file aqProf.dll. GetLastError=0
LogWindows: LoadLibraryWithSearchPaths failed for file VSPerf140.dll. GetLastError=0
LogWindows: LoadLibraryWithSearchPaths failed for file VtuneApi.dll. GetLastError=0
LogWindows: LoadLibraryWithSearchPaths failed for file VtuneApi32e.dll. GetLastError=0
LogInit: Display: Running engine for game: MyProject
LogPlatformFile: Not using cached read wrapper
LogInit: Display: RandInit(-1700274736) SRandInit(-1700274736).
LogTaskGraph: Started task graph with 5 named threads and 14 total threads with 3 sets of task threads.
LogStats: Stats thread started at 0.179581
LogD3D11RHI: Aftermath initialized
LogPluginManager: Mounting plugin Paper2D
LogPluginManager: Mounting plugin LightPropagationVolume
LogPluginManager: Mounting plugin CodeLiteSourceCodeAccess
LogPluginManager: Mounting plugin GitSourceControl
LogPluginManager: Mounting plugin KDevelopSourceCodeAccess
LogPluginManager: Mounting plugin NullSourceCodeAccess
LogPluginManager: Mounting plugin PerforceSourceControl
LogPluginManager: Mounting plugin SubversionSourceControl
LogPluginManager: Mounting plugin UObjectPlugin
LogPluginManager: Mounting plugin VisualStudioSourceCodeAccess
LogPluginManager: Mounting plugin XCodeSourceCodeAccess
LogPluginManager: Mounting plugin AssetManagerEditor
LogPluginManager: Mounting plugin AudioCapture
LogPluginManager: Mounting plugin FacialAnimation
LogPluginManager: Mounting plugin GameplayTagsEditor
LogPluginManager: Mounting plugin MobileLauncherProfileWizard
LogPluginManager: Mounting plugin PluginBrowser
LogPluginManager: Mounting plugin SpeedTreeImporter
LogPluginManager: Mounting plugin AlembicImporter
LogPluginManager: Mounting plugin CharacterAI
LogPluginManager: Mounting plugin HTML5Networking
LogPluginManager: Mounting plugin AndroidMedia
LogPluginManager: Mounting plugin AvfMedia
LogPluginManager: Mounting plugin MediaPlayerEditor
LogPluginManager: Mounting plugin WmfMedia
LogPluginManager: Mounting plugin TcpMessaging
LogPluginManager: Mounting plugin UdpMessaging
LogPluginManager: Mounting plugin LevelSequenceEditor
LogPluginManager: Mounting plugin MatineeToLevelSequence
LogPluginManager: Mounting plugin OnlineSubsystemGooglePlay
LogPluginManager: Mounting plugin OnlineSubsystemIOS
LogPluginManager: Mounting plugin OnlineSubsystem
LogPluginManager: Mounting plugin OnlineSubsystemNull
LogPluginManager: Mounting plugin OnlineSubsystemUtils
LogPluginManager: Mounting plugin AndroidDeviceProfileSelector
LogPluginManager: Mounting plugin AndroidMoviePlayer
LogPluginManager: Mounting plugin AndroidPermission
LogPluginManager: Mounting plugin AppleMoviePlayer
LogPluginManager: Mounting plugin ArchVisCharacter
LogPluginManager: Mounting plugin CableComponent
LogPluginManager: Mounting plugin CustomMeshComponent
LogPluginManager: Mounting plugin ExampleDeviceProfileSelector
LogPluginManager: Mounting plugin GoogleCloudMessaging
LogPluginManager: Mounting plugin ImmediatePhysics
LogPluginManager: Mounting plugin IOSDeviceProfileSelector
LogPluginManager: Mounting plugin LinuxDeviceProfileSelector
LogPluginManager: Mounting plugin LocationServicesBPLibrary
LogPluginManager: Mounting plugin MobilePatchingUtils
LogPluginManager: Mounting plugin OculusVR
LogPluginManager: Mounting plugin PhysXVehicles
LogPluginManager: Mounting plugin ProceduralMeshComponent
LogPluginManager: Mounting plugin RuntimePhysXCooking
LogPluginManager: Mounting plugin SteamVR
LogPluginManager: Mounting plugin WindowsMoviePlayer
LogPluginManager: Mounting plugin VictoryBPLibrary
LogInit: Using libcurl 7.47.1
LogInit:  - built for x86_64-pc-win32
LogInit:  - supports SSL with OpenSSL/1.0.2g
LogInit:  - supports HTTP deflate (compression) using libz 1.2.8
LogInit:  - other features:
LogInit:      CURL_VERSION_SSL
LogInit:      CURL_VERSION_LIBZ
LogInit:      CURL_VERSION_IPV6
LogInit:      CURL_VERSION_ASYNCHDNS
LogInit:      CURL_VERSION_LARGEFILE
LogInit:      CURL_VERSION_IDN
LogInit:  CurlRequestOptions (configurable via config and command line):
LogInit:  - bVerifyPeer = false  - Libcurl will NOT verify peer certificate
LogInit:  - bUseHttpProxy = false  - Libcurl will NOT use HTTP proxy
LogInit:  - bDontReuseConnections = false  - Libcurl will reuse connections
LogInit:  - CertBundlePath = nullptr  - Libcurl will use whatever was configured at build time.
LogInit: Build: ++UE4+Release-4.17-CL-3586342
LogInit: Engine Version: 4.17.1-3586342+++UE4+Release-4.17
LogInit: Compatible Engine Version: 4.17.0-3573198+++UE4+Release-4.17
LogInit: Net CL: 3573198
LogDevObjectVersion: Number of dev versions registered: 16
LogDevObjectVersion:   Dev-Blueprints (B0D832E4-1F89-4F0D-ACCF-7EB736FD4AA2): 10
LogDevObjectVersion:   Dev-Build (E1C64328-A22C-4D53-A36C-8E866417BD8C): 0
LogDevObjectVersion:   Dev-Core (375EC13C-06E4-48FB-B500-84F0262A717E): 2
LogDevObjectVersion:   Dev-Editor (E4B068ED-F494-42E9-A231-DA0B2E46BB41): 20
LogDevObjectVersion:   Dev-Framework (CFFC743F-43B0-4480-9391-14DF171D2073): 28
LogDevObjectVersion:   Dev-Mobile (B02B49B5-BB20-44E9-A304-32B752E40360): 0
LogDevObjectVersion:   Dev-Networking (A4E4105C-59A1-49B5-A7C5-40C4547EDFEE): 0
LogDevObjectVersion:   Dev-Online (39C831C9-5AE6-47DC-9A44-9C173E1C8E7C): 0
LogDevObjectVersion:   Dev-Physics (78F01B33-EBEA-4F98-B9B4-84EACCB95AA2): 0
LogDevObjectVersion:   Dev-Platform (6631380F-2D4D-43E0-8009-CF276956A95A): 0
LogDevObjectVersion:   Dev-Rendering (12F88B9F-8875-4AFC-A67C-D90C383ABD29): 19
LogDevObjectVersion:   Dev-Sequencer (7B5AE74C-D270-4C10-A958-57980B212A5A): 4
LogDevObjectVersion:   Dev-VR (D7296918-1DD6-4BDD-9DE2-64A83CC13884): 0
LogDevObjectVersion:   Dev-LoadTimes (C2A15278-BFE7-4AFE-6C17-90FF531DF755): 1
LogDevObjectVersion:   Private-Geometry (6EACA3D4-40EC-4CC1-B786-8BED09428FC5): 1
LogDevObjectVersion:   Dev-AnimPhys (29E575DD-E0A3-4627-9D10-D276232CDCEA): 7
LogInit: Compiled (64-bit): Aug 15 2017 02:05:26
LogInit: Compiled with Visual C++: 19.00.24215.01
LogInit: Build Configuration: Development
LogInit: Branch Name: ++UE4+Release-4.17
LogInit: Command line: -EpicPortal 
LogInit: Base directory: C:/Program Files/Epic Games/UE_4.17/Engine/Binaries/Win64/
LogInit: Installed Engine Build: 1
LogInit: Presizing for max 8388607 objects, including 0 objects not considered by GC, pre-allocating 0 bytes for permanent pool.
LogInit: Object subsystem initialized
[2017.10.03-13.31.32:772][  0]LogInit: Selected Device Profile: [Windows]
[2017.10.03-13.31.32:772][  0]LogInit: Applying CVar settings loaded from the selected device profile: [Windows]
[2017.10.03-13.31.32:781][  0]LogInit: Computer: S147382
[2017.10.03-13.31.32:781][  0]LogInit: User: s147382
[2017.10.03-13.31.32:781][  0]LogInit: CPU Page size=4096, Cores=4
[2017.10.03-13.31.32:781][  0]LogInit: High frequency timer resolution =2.338343 MHz
[2017.10.03-13.31.32:782][  0]LogMemory: Memory total: Physical=7.8GB (8GB approx)
[2017.10.03-13.31.32:782][  0]LogMemory: Platform Memory Stats for Windows
[2017.10.03-13.31.32:782][  0]LogMemory: Process Physical Memory: 278.77 MB used, 278.77 MB peak
[2017.10.03-13.31.32:782][  0]LogMemory: Process Virtual Memory: 283.23 MB used, 283.23 MB peak
[2017.10.03-13.31.32:782][  0]LogMemory: Physical Memory: 5683.73 MB used,  2309.33 MB free, 7993.06 MB total
[2017.10.03-13.31.32:782][  0]LogMemory: Virtual Memory: 663.87 MB used,  2309.33 MB free, 134217728.00 MB total
[2017.10.03-13.31.32:957][  0]LogInit: Using OS detected language (en-US).
[2017.10.03-13.31.32:957][  0]LogInit: Using OS detected locale (en-US).
[2017.10.03-13.31.32:960][  0]LogTextLocalizationManager: No specific localization for 'en-US' exists, so the 'en' localization will be used.
[2017.10.03-13.31.33:808][  0]LogD3D11RHI: D3D11 adapters:
[2017.10.03-13.31.33:834][  0]LogD3D11RHI:    0. 'NVIDIA Quadro K610M' (Feature Level 11_0)
[2017.10.03-13.31.33:834][  0]LogD3D11RHI:       958/0/3996 MB DedicatedVideo/DedicatedSystem/SharedSystem, Outputs:1, VendorId:0x10de
[2017.10.03-13.31.33:853][  0]LogD3D11RHI:    1. 'NVIDIA Quadro K610M' (Feature Level 11_0)
[2017.10.03-13.31.33:853][  0]LogD3D11RHI:       958/0/3996 MB DedicatedVideo/DedicatedSystem/SharedSystem, Outputs:0, VendorId:0x10de
[2017.10.03-13.31.33:855][  0]LogD3D11RHI:    2. 'Microsoft Basic Render Driver' (Feature Level 11_0)
[2017.10.03-13.31.33:855][  0]LogD3D11RHI:       958/0/3996 MB DedicatedVideo/DedicatedSystem/SharedSystem, Outputs:0, VendorId:0x1414
[2017.10.03-13.31.33:855][  0]LogD3D11RHI: Chosen D3D11 Adapter: 0
[2017.10.03-13.31.33:861][  0]LogD3D11RHI: Creating new Direct3DDevice
[2017.10.03-13.31.33:861][  0]LogD3D11RHI:     GPU DeviceId: 0x12b9 (for the marketing name, search the web for "GPU Device Id")
[2017.10.03-13.31.33:861][  0]LogWindows: EnumDisplayDevices:
[2017.10.03-13.31.33:861][  0]LogWindows:    0. 'Intel(R) HD Graphics 4600' (P:1 D:1)
[2017.10.03-13.31.33:862][  0]LogWindows:    1. 'Intel(R) HD Graphics 4600' (P:0 D:0)
[2017.10.03-13.31.33:862][  0]LogWindows:    2. 'Intel(R) HD Graphics 4600' (P:0 D:0)
[2017.10.03-13.31.33:862][  0]LogWindows:    3. 'NVIDIA Quadro K610M' (P:0 D:0)
[2017.10.03-13.31.33:862][  0]LogWindows:    4. 'NVIDIA Quadro K610M' (P:0 D:0)
[2017.10.03-13.31.33:862][  0]LogWindows:    5. 'NVIDIA Quadro K610M' (P:0 D:0)
[2017.10.03-13.31.33:862][  0]LogWindows:    6. 'NVIDIA Quadro K610M' (P:0 D:0)
[2017.10.03-13.31.33:862][  0]LogWindows: DebugString: PrimaryIsNotTheChoosenAdapter PrimaryIsNotTheChoosenAdapter PrimaryIsNotTheChoosenAdapter FoundDriverCount:4 
[2017.10.03-13.31.33:862][  0]LogD3D11RHI:     Adapter Name: NVIDIA Quadro K610M
[2017.10.03-13.31.33:862][  0]LogD3D11RHI:   Driver Version: 377.11 (internal:21.21.13.7711, unified:377.11)
[2017.10.03-13.31.33:862][  0]LogD3D11RHI:      Driver Date: 3-17-2017
[2017.10.03-13.31.33:862][  0]LogRHI: Texture pool is 670 MB (70% of 958 MB)
[2017.10.03-13.31.33:881][  0]LogD3D11RHI: Async texture creation enabled
[2017.10.03-13.31.33:900][  0]LogD3D11RHI: GPU Timing Frequency: 1000.000000 (Debug: 2 2)
[2017.10.03-13.31.33:901][  0]LogShaderCompilers: Guid format shader working directory is -14 characters bigger than the processId version (../../../../../../Users/s147382/Dropbox/Personal TUe/MyProject/Intermediate/Shaders/WorkingDirectory/8220/).
[2017.10.03-13.31.33:901][  0]LogShaderCompilers: Cleaned the shader compiler working directory 'C:/Users/s147382/AppData/Local/Temp/UnrealShaderWorkingDir/0A80B6CF442EE06F6437ECB68D1E248C/'.
[2017.10.03-13.31.33:901][  0]LogShaderCompilers: Display: Using Local Shader Compiler.
[2017.10.03-13.31.34:952][  0]LogTemp: Display: Loaded TP AllDesktopTargetPlatform
[2017.10.03-13.31.35:005][  0]LogTemp: Display: Loaded TP MacClientTargetPlatform
[2017.10.03-13.31.35:060][  0]LogTemp: Display: Loaded TP MacNoEditorTargetPlatform
[2017.10.03-13.31.35:113][  0]LogTemp: Display: Loaded TP MacServerTargetPlatform
[2017.10.03-13.31.35:168][  0]LogTemp: Display: Loaded TP MacTargetPlatform
[2017.10.03-13.31.35:222][  0]LogTemp: Display: Loaded TP WindowsClientTargetPlatform
[2017.10.03-13.31.35:274][  0]LogTemp: Display: Loaded TP WindowsNoEditorTargetPlatform
[2017.10.03-13.31.35:331][  0]LogTemp: Display: Loaded TP WindowsServerTargetPlatform
[2017.10.03-13.31.35:383][  0]LogTemp: Display: Loaded TP WindowsTargetPlatform
[2017.10.03-13.31.35:440][  0]LogTemp: Display: Loaded TP AndroidTargetPlatform
[2017.10.03-13.31.35:496][  0]LogTemp: Display: Loaded TP Android_ASTCTargetPlatform
[2017.10.03-13.31.35:548][  0]LogTemp: Display: Loaded TP Android_ATCTargetPlatform
[2017.10.03-13.31.35:600][  0]LogTemp: Display: Loaded TP Android_DXTTargetPlatform
[2017.10.03-13.31.35:652][  0]LogTemp: Display: Loaded TP Android_ETC1TargetPlatform
[2017.10.03-13.31.35:704][  0]LogTemp: Display: Loaded TP Android_ETC2TargetPlatform
[2017.10.03-13.31.35:808][  0]LogTemp: Display: Loaded TP Android_MultiTargetPlatform
[2017.10.03-13.31.35:808][  0]LogTemp: Display: Loaded TP Android_PVRTCTargetPlatform
[2017.10.03-13.31.35:848][  0]LogTemp: Display: Loaded TP HTML5TargetPlatform
[2017.10.03-13.31.35:946][  0]LogTemp: Display: Loaded TP IOSTargetPlatform
[2017.10.03-13.31.35:976][  0]LogTemp: Display: Loaded TP TVOSTargetPlatform
[2017.10.03-13.31.36:031][  0]LogTemp: Display: Loaded TP LinuxClientTargetPlatform
[2017.10.03-13.31.36:085][  0]LogTemp: Display: Loaded TP LinuxNoEditorTargetPlatform
[2017.10.03-13.31.36:136][  0]LogTemp: Display: Loaded TP LinuxServerTargetPlatform
[2017.10.03-13.31.36:189][  0]LogTemp: Display: Loaded TP LinuxTargetPlatform
[2017.10.03-13.31.36:189][  0]LogTargetPlatformManager: Display: Building Assets For Windows
[2017.10.03-13.31.36:690][  0]LogDerivedDataCache: Display: Max Cache Size: 512 MB
[2017.10.03-13.31.36:799][  0]LogDerivedDataCache: Loaded boot cache 0.11s 93MB C:/Users/s147382/AppData/Local/UnrealEngine/4.17/DerivedDataCache/Boot.ddc.
[2017.10.03-13.31.36:799][  0]LogDerivedDataCache: Display: Loaded Boot cache: C:/Users/s147382/AppData/Local/UnrealEngine/4.17/DerivedDataCache/Boot.ddc
[2017.10.03-13.31.36:799][  0]LogDerivedDataCache: FDerivedDataBackendGraph:  Pak pak cache file ../../../../../../Users/s147382/Dropbox/Personal TUe/MyProject/DerivedDataCache/DDC.ddp not found, will not use a pak cache.
[2017.10.03-13.31.36:800][  0]LogDerivedDataCache: Unable to find inner node Pak for hierarchical cache Hierarchy.
[2017.10.03-13.31.36:800][  0]LogDerivedDataCache: FDerivedDataBackendGraph:  CompressedPak pak cache file ../../../../../../Users/s147382/Dropbox/Personal TUe/MyProject/DerivedDataCache/Compressed.ddp not found, will not use a pak cache.
[2017.10.03-13.31.36:800][  0]LogDerivedDataCache: Unable to find inner node CompressedPak for hierarchical cache Hierarchy.
[2017.10.03-13.31.36:820][  0]LogDerivedDataCache: Display: Pak cache opened for reading ../../../Engine/DerivedDataCache/Compressed.ddp.
[2017.10.03-13.31.36:833][  0]LogDerivedDataCache: Using Local data cache path C:/Users/s147382/AppData/Local/UnrealEngine/Common/DerivedDataCache: Writable
[2017.10.03-13.31.36:843][  0]LogMaterial: Verifying Global Shaders for PCD3D_SM5
[2017.10.03-13.31.36:844][  0]LogSlate: Using Freetype 2.6.0
[2017.10.03-13.31.36:844][  0]LogSlate: SlateFontCache - WITH_FREETYPE: 1, WITH_HARFBUZZ: 1
[2017.10.03-13.31.36:844][  0]LogSlate: SlateFontCache - WITH_FREETYPE: 1, WITH_HARFBUZZ: 1
[2017.10.03-13.31.37:129][  0]LogAssetRegistry: FAssetRegistry took 0.0265 seconds to start up
[2017.10.03-13.31.37:252][  0]LogInit: Selected Device Profile: [Windows]
[2017.10.03-13.31.37:445][  0]LogContentStreaming: Texture pool size is 0.00 MB
[2017.10.03-13.31.37:755][  0]LogSimplygon: Simplygon DLL not present - disabling.
[2017.10.03-13.31.37:798][  0]LogMeshReduction: Using SimplygonSwarm for distributed automatic mesh merging
[2017.10.03-13.31.37:798][  0]LogMeshReduction: Using QuadricMeshReduction for automatic static mesh reduction
[2017.10.03-13.31.37:798][  0]LogMeshReduction: No automatic skeletal mesh reduction module available
[2017.10.03-13.31.37:798][  0]LogMeshReduction: No automatic mesh merging module available
[2017.10.03-13.31.37:798][  0]LogMeshMerging: No automatic mesh merging module available
[2017.10.03-13.31.38:205][  0]LogNetVersion: MyProject , NetCL: 3573198, EngineNetVer: 2, GameNetVer: 0 (Checksum: 3113362612)
[2017.10.03-13.31.38:472][  0]LogPackageLocalizationCache: Processed 6 localized package path(s) for 2 prioritized culture(s) in 0.073563 seconds
[2017.10.03-13.31.38:480][  0]LogUObjectArray: 35825 objects as part of root set at end of initial load.
[2017.10.03-13.31.38:480][  0]LogUObjectAllocator: 7529104 out of 0 bytes used by permanent object pool.
[2017.10.03-13.31.38:480][  0]LogUObjectArray: CloseDisregardForGC: 0/0 objects in disregard for GC pool
[2017.10.03-13.31.38:545][  0]LogInit: WinSock: version 1.1 (2.2), MaxSocks=32767, MaxUdp=65467
[2017.10.03-13.31.41:272][  0]LogTcpMessaging: Initializing TcpMessaging bridge
[2017.10.03-13.31.41:319][  0]LogUdpMessaging: Initializing bridge on interface 0.0.0.0:0 to multicast group 230.0.0.1:6666.
[2017.10.03-13.31.42:316][  0]LogMaterial: Uniform references updated for custom material expression Custom.
[2017.10.03-13.31.42:759][  0]SourceControl: Source control is disabled
[2017.10.03-13.31.42:759][  0]SourceControl: Source control is disabled
[2017.10.03-13.31.42:811][  0]SourceControl: Source control is disabled
[2017.10.03-13.31.42:858][  0]SourceControl: Source control is disabled
[2017.10.03-13.31.43:486][  0]LogAndroidPermission: UAndroidPermissionCallbackProxy::GetInstance
[2017.10.03-13.31.43:744][  0]LogOcInput: OculusInput pre-init called
[2017.10.03-13.31.44:017][  0]LogEngine: Initializing Engine...
[2017.10.03-13.31.44:019][  0]LogHMD: Failed to initialize OpenVR with code 110
[2017.10.03-13.31.44:276][  0]LogStats: UGameplayTagsManager::ConstructGameplayTagTree: Construct from data asset -  0.000 s
[2017.10.03-13.31.44:276][  0]LogStats: UGameplayTagsManager::ConstructGameplayTagTree: GameplayTagTreeChangedEvent.Broadcast -  0.000 s
[2017.10.03-13.31.44:415][  0]LogAIModule: Creating AISystem for world Untitled
[2017.10.03-13.31.44:421][  0]LogInit: XAudio2 using 'Speakers / HP (IDT High Definition Audio CODEC)' : 2 channels at 48 kHz using 16 bits per sample (channel mask 0x3)
[2017.10.03-13.31.44:449][  0]LogInit: FAudioDevice initialized.
[2017.10.03-13.31.53:649][  0]LogDerivedDataCache: Saved boot cache 9.20s 93MB C:/Users/s147382/AppData/Local/UnrealEngine/4.17/DerivedDataCache/Boot.ddc.
[2017.10.03-13.31.53:667][  0]LogInit: Texture streaming: Enabled
[2017.10.03-13.31.53:789][  0]LogEngineSessionManager: EngineSessionManager initialized
[2017.10.03-13.31.54:051][  0]LogInit: Transaction tracking system initialized
[2017.10.03-13.31.54:374][  0]BlueprintLog: New page: Editor Load
[2017.10.03-13.31.55:324][  0]LocalizationService: Localization service is disabled
[2017.10.03-13.31.56:057][  0]LogConsoleResponse: Display: 
[2017.10.03-13.31.56:664][  0]LogFileCache: Scanning file cache for directory 'C:/Users/s147382/Dropbox/Personal TUe/MyProject/Content/' took 0.02s
[2017.10.03-13.31.56:664][  0]LogCook: Display: Max memory allowance for cook 16384mb min free memory 0mb
[2017.10.03-13.31.56:664][  0]LogCook: Display: Mobile HDR setting 1
[2017.10.03-13.31.56:664][  0]LogGameplayTags: Display: UGameplayTagsManager::DoneAddingNativeTags. DelegateIsBound: 0
[2017.10.03-13.31.57:804][  0]SourceControl: Source control is disabled
[2017.10.03-13.31.57:805][  0]Cmd: MAP LOAD FILE="../../../../../../Users/s147382/Dropbox/Personal TUe/MyProject/Content/RollingBP/Maps/RollingBPExampleMap.umap" TEMPLATE=0 SHOWPROGRESS=1 FEATURELEVEL=3
[2017.10.03-13.31.57:935][  0]LightingResults: New page: Lighting Build
[2017.10.03-13.31.57:976][  0]MapCheck: New page: Map Check
[2017.10.03-13.31.57:976][  0]LightingResults: New page: Lighting Build
[2017.10.03-13.32.02:487][  0]LogAIModule: Creating AISystem for world RollingBPExampleMap
[2017.10.03-13.32.02:579][  0]LogEditorServer: Finished looking for orphan Actors (0.000 secs)
[2017.10.03-13.32.02:619][  0]Cmd: MAP CHECKDEP NOCLEARLOG
[2017.10.03-13.32.02:681][  0]MapCheck: Map check complete: 0 Error(s), 0 Warning(s), took 61.246ms to complete.
[2017.10.03-13.32.02:681][  0]LogFileHelpers: Loading map 'RollingBPExampleMap' took 4.876
[2017.10.03-13.32.03:945][  0]LogCollectionManager: Loaded 0 collections in 0.001518 seconds
[2017.10.03-13.32.04:481][  0]LogFileCache: Scanning file cache for directory 'C:/Users/s147382/Dropbox/Personal TUe/MyProject/Saved/Collections/' took 0.01s
[2017.10.03-13.32.04:481][  0]LogFileCache: Scanning file cache for directory 'C:/Users/s147382/Dropbox/Personal TUe/MyProject/Content/Developers/s147382/Collections/' took 0.01s
[2017.10.03-13.32.04:481][  0]LogFileCache: Scanning file cache for directory 'C:/Users/s147382/Dropbox/Personal TUe/MyProject/Content/Collections/' took 0.01s
[2017.10.03-13.32.04:481][  0]LogCollectionManager: Rebuilt the GUID cache for 0 collections in 0.000000 seconds
[2017.10.03-13.32.04:516][  0]LogContentBrowser: Native class hierarchy populated in 0.0347 seconds. Added 2392 classes and 503 folders.
[2017.10.03-13.32.05:951][  0]LogContentBrowser: Native class hierarchy updated for 'WidgetCarousel' in 0.0205 seconds. Added 0 classes and 0 folders.
[2017.10.03-13.32.09:204][  0]LogContentBrowser: Native class hierarchy updated for 'AddContentDialog' in 0.0007 seconds. Added 0 classes and 0 folders.
[2017.10.03-13.32.09:315][  0]LogContentBrowser: Native class hierarchy updated for 'SceneOutliner' in 0.0008 seconds. Added 1 classes and 2 folders.
[2017.10.03-13.32.10:060][  0]LogContentBrowser: Native class hierarchy updated for 'HierarchicalLODOutliner' in 0.0008 seconds. Added 1 classes and 2 folders.
[2017.10.03-13.32.10:061][  0]LogLoad: (Engine Initialization) Total time: 39.67 seconds
[2017.10.03-13.32.10:061][  0]LogLoad: (Engine Initialization) Total Blueprint compile time: 0.00 seconds
[2017.10.03-13.32.10:061][  0]LogExternalProfiler: No external profilers were discovered.  External profiling features will not be available.
[2017.10.03-13.32.10:107][  0]LogContentStreaming: Texture pool size now 1000 MB
[2017.10.03-13.32.10:120][  0]LogSlate: Took 0.000211 seconds to synchronously load lazily loaded font '../../../Engine/Content/Slate/Fonts/Roboto-Regular.ttf' (155K)
[2017.10.03-13.32.10:121][  0]LogSlate: Took 0.000141 seconds to synchronously load lazily loaded font '../../../Engine/Content/Slate/Fonts/Roboto-Bold.ttf' (160K)
[2017.10.03-13.32.10:152][  0]LogSlate: Took 0.026843 seconds to synchronously load lazily loaded font '../../../Engine/Content/Editor/Slate/Fonts/FontAwesome.ttf' (139K)
[2017.10.03-13.32.11:201][  0]LogRenderer: Reallocating scene render targets to support 796x360 Format 10 NumSamples 1 (Frame:1).
[2017.10.03-13.32.11:201][  0]LogSlate: Took 0.185735 seconds to synchronously load lazily loaded font '../../../Engine/Content/Slate/Fonts/Roboto-Light.ttf' (159K)
[2017.10.03-13.32.11:242][  1]LogAssetRegistry: Asset discovery search completed in 34.1357 seconds
[2017.10.03-13.32.11:244][  1]LogCollectionManager: Rebuilt the object cache for 0 collections in 0.000000 seconds (found 0 objects)
[2017.10.03-13.32.11:244][  1]LogCollectionManager: Fixed up redirectors for 0 collections in 0.000038 seconds (updated 0 objects)
[2017.10.03-13.32.19:961][301]LogSlate: Took 0.000149 seconds to synchronously load lazily loaded font '../../../Engine/Content/Slate/Fonts/Roboto-Light.ttf' (159K)
[2017.10.03-13.32.20:771][301]LogSlate: Took 0.000151 seconds to synchronously load lazily loaded font '../../../Engine/Content/Slate/Fonts/Roboto-Regular.ttf' (155K)
[2017.10.03-13.32.21:148][301]LogContentBrowser: Native class hierarchy updated for 'BlueprintGraph' in 0.0010 seconds. Added 113 classes and 0 folders.
[2017.10.03-13.32.23:629][301]LogSlate: Took 0.000165 seconds to synchronously load lazily loaded font '../../../Engine/Content/Slate/Fonts/Roboto-Light.ttf' (159K)
[2017.10.03-13.32.23:659][301]LogSlate: Took 0.028740 seconds to synchronously load lazily loaded font '../../../Engine/Content/Editor/Slate/Fonts/Roboto-BoldCondensed.ttf' (158K)
[2017.10.03-13.32.25:782][348]LogSlate: Took 0.353471 seconds to synchronously load lazily loaded font '../../../Engine/Content/Slate/Fonts/DroidSansFallback.ttf' (3848K)
[2017.10.03-13.32.49:617][800]LogConsoleManager: Warning: Performance warning: Console object named 'r.DebugSafeZone.Mode' shows many (500) FindConsoleObject() calls (consider caching e.g. using static)
[2017.10.03-13.33.19:602][603]PIE: UWidget::RemoveFromParent() called on '/Engine/Transient.Slider_0' which has no UMG parent (if it was added directly to a native Slate widget via TakeWidget() then it must be removed explicitly rather than via RemoveFromParent())
[2017.10.03-13.33.19:604][603]PIE: UWidget::RemoveFromParent() called on '/Engine/Transient.Slider_2' which has no UMG parent (if it was added directly to a native Slate widget via TakeWidget() then it must be removed explicitly rather than via RemoveFromParent())
[2017.10.03-13.33.19:648][604]PIE: UWidget::RemoveFromParent() called on '/Engine/Transient.Slider_4' which has no UMG parent (if it was added directly to a native Slate widget via TakeWidget() then it must be removed explicitly rather than via RemoveFromParent())
[2017.10.03-13.33.19:649][604]PIE: UWidget::RemoveFromParent() called on '/Engine/Transient.Slider_6' which has no UMG parent (if it was added directly to a native Slate widget via TakeWidget() then it must be removed explicitly rather than via RemoveFromParent())
[2017.10.03-13.33.19:666][605]PIE: UWidget::RemoveFromParent() called on '/Engine/Transient.Slider_8' which has no UMG parent (if it was added directly to a native Slate widget via TakeWidget() then it must be removed explicitly rather than via RemoveFromParent())
[2017.10.03-13.33.19:668][605]PIE: UWidget::RemoveFromParent() called on '/Engine/Transient.Slider_10' which has no UMG parent (if it was added directly to a native Slate widget via TakeWidget() then it must be removed explicitly rather than via RemoveFromParent())
[2017.10.03-13.33.19:698][606]PIE: UWidget::RemoveFromParent() called on '/Engine/Transient.Slider_12' which has no UMG parent (if it was added directly to a native Slate widget via TakeWidget() then it must be removed explicitly rather than via RemoveFromParent())
[2017.10.03-13.33.19:730][607]PIE: UWidget::RemoveFromParent() called on '/Engine/Transient.Slider_14' which has no UMG parent (if it was added directly to a native Slate widget via TakeWidget() then it must be removed explicitly rather than via RemoveFromParent())
[2017.10.03-13.33.19:733][607]PIE: UWidget::RemoveFromParent() called on '/Engine/Transient.Slider_16' which has no UMG parent (if it was added directly to a native Slate widget via TakeWidget() then it must be removed explicitly rather than via RemoveFromParent())
[2017.10.03-13.33.19:766][608]PIE: UWidget::RemoveFromParent() called on '/Engine/Transient.Slider_18' which has no UMG parent (if it was added directly to a native Slate widget via TakeWidget() then it must be removed explicitly rather than via RemoveFromParent())
[2017.10.03-13.33.19:799][609]PIE: UWidget::RemoveFromParent() called on '/Engine/Transient.Slider_20' which has no UMG parent (if it was added directly to a native Slate widget via TakeWidget() then it must be removed explicitly rather than via RemoveFromParent())
[2017.10.03-13.33.19:836][610]PIE: UWidget::RemoveFromParent() called on '/Engine/Transient.Slider_22' which has no UMG parent (if it was added directly to a native Slate widget via TakeWidget() then it must be removed explicitly rather than via RemoveFromParent())
[2017.10.03-13.33.19:838][610]PIE: UWidget::RemoveFromParent() called on '/Engine/Transient.Slider_24' which has no UMG parent (if it was added directly to a native Slate widget via TakeWidget() then it must be removed explicitly rather than via RemoveFromParent())
[2017.10.03-13.33.19:870][611]PIE: UWidget::RemoveFromParent() called on '/Engine/Transient.Slider_26' which has no UMG parent (if it was added directly to a native Slate widget via TakeWidget() then it must be removed explicitly rather than via RemoveFromParent())
[2017.10.03-13.33.19:902][612]PIE: UWidget::RemoveFromParent() called on '/Engine/Transient.Slider_28' which has no UMG parent (if it was added directly to a native Slate widget via TakeWidget() then it must be removed explicitly rather than via RemoveFromParent())
[2017.10.03-13.33.19:936][613]PIE: UWidget::RemoveFromParent() called on '/Engine/Transient.Slider_30' which has no UMG parent (if it was added directly to a native Slate widget via TakeWidget() then it must be removed explicitly rather than via RemoveFromParent())
[2017.10.03-13.33.19:969][614]PIE: UWidget::RemoveFromParent() called on '/Engine/Transient.Slider_32' which has no UMG parent (if it was added directly to a native Slate widget via TakeWidget() then it must be removed explicitly rather than via RemoveFromParent())
[2017.10.03-13.33.20:011][615]PIE: UWidget::RemoveFromParent() called on '/Engine/Transient.Slider_34' which has no UMG parent (if it was added directly to a native Slate widget via TakeWidget() then it must be removed explicitly rather than via RemoveFromParent())
[2017.10.03-13.33.20:041][616]PIE: UWidget::RemoveFromParent() called on '/Engine/Transient.Slider_36' which has no UMG parent (if it was added directly to a native Slate widget via TakeWidget() then it must be removed explicitly rather than via RemoveFromParent())
[2017.10.03-13.33.20:074][617]PIE: UWidget::RemoveFromParent() called on '/Engine/Transient.Slider_38' which has no UMG parent (if it was added directly to a native Slate widget via TakeWidget() then it must be removed explicitly rather than via RemoveFromParent())
[2017.10.03-13.33.20:108][618]PIE: UWidget::RemoveFromParent() called on '/Engine/Transient.Slider_40' which has no UMG parent (if it was added directly to a native Slate widget via TakeWidget() then it must be removed explicitly rather than via RemoveFromParent())
[2017.10.03-13.40.26:863][241]LogSlate: Took 0.017245 seconds to synchronously load lazily loaded font '../../../Engine/Content/Editor/Slate/Fonts/Roboto-Italic.ttf' (157K)
[2017.10.03-13.40.51:809][608]LogSlate: Took 0.043852 seconds to synchronously load lazily loaded font '../../../Engine/Content/Editor/Slate/Fonts/Roboto-BoldCondensedItalic.ttf' (160K)
[2017.10.03-13.42.10:731][677]LogFileHelpers: Editor autosave (incl. sublevels) for '/Game/RollingBP/Maps/RollingBPExampleMap' took 0.027
[2017.10.03-13.42.10:770][677]OBJ SavePackage: Generating thumbnails for [0] asset(s) in package [/Game/UI/Options] ([1] browsable assets)...
[2017.10.03-13.42.10:771][677]OBJ SavePackage: Finished generating thumbnails for package [/Game/UI/Options]
[2017.10.03-13.42.10:771][677]Cmd: OBJ SAVEPACKAGE PACKAGE="/Game/UI/Options" FILE="../../../../../../Users/s147382/Dropbox/Personal TUe/MyProject/Saved/Autosaves/Game/UI/Options_Auto1.uasset" SILENT=false AUTOSAVING=true
[2017.10.03-13.42.11:125][677]LogSavePackage: Save=91.82ms
[2017.10.03-13.42.11:125][677]LogSavePackage: Moving '../../../../../../Users/s147382/Dropbox/Personal TUe/MyProject/Saved/Options_Auto1F77C1F4B47109795D06BABBC412953FC.tmp' to '../../../../../../Users/s147382/Dropbox/Personal TUe/MyProject/Saved/Autosaves/Game/UI/Options_Auto1.uasset'
[2017.10.03-13.42.11:146][677]LogSavePackage: Display: Finished SavePackage ../../../../../../Users/s147382/Dropbox/Personal TUe/MyProject/Saved/Autosaves/Game/UI/Options_Auto1.uasset
[2017.10.03-13.42.11:146][677]LogFileHelpers: Auto-saving content packages took 0.395
[2017.10.03-13.43.05:343][374]LogRenderer: Reallocating scene render targets to support 1208x568 Format 10 NumSamples 1 (Frame:9131).
[2017.10.03-13.43.11:479][454]LogTemp: Executing iPhonePackager certificates Engine -bundlename com.YourCompany.MyProject
[2017.10.03-13.43.11:479][454]LogTemp: CWD: C:\Program Files\Epic Games\UE_4.17\Engine\Binaries\DotNET\IOS
[2017.10.03-13.43.11:479][454]LogTemp: Initial Dir: C:\Program Files\Epic Games\UE_4.17
[2017.10.03-13.43.11:479][454]LogTemp: Env CWD: C:\Program Files\Epic Games\UE_4.17\Engine\Binaries\DotNET\IOS
[2017.10.03-13.43.11:479][454]LogTemp: BranchPath = S147382/C/Program Files/Epic Games/UE_4.17/Engine/Binaries --- GameBranchPath = S147382/C/Program Files/Epic Games/UE_4.17/Engine/Binaries
[2017.10.03-13.43.11:550][455]LogTemp: IPP ERROR: Could not find provision directory 'C:\Users\s147382\AppData\Local/Apple Computer/MobileDevice/Provisioning Profiles/'.
[2017.10.03-13.43.36:978][945]LogTemp: Executing iPhonePackager certificates Engine -bundlename com.YourCompany.MyProject
[2017.10.03-13.43.36:978][945]LogTemp: CWD: C:\Program Files\Epic Games\UE_4.17\Engine\Binaries\DotNET\IOS
[2017.10.03-13.43.36:978][945]LogTemp: Initial Dir: C:\Program Files\Epic Games\UE_4.17
[2017.10.03-13.43.36:978][945]LogTemp: Env CWD: C:\Program Files\Epic Games\UE_4.17\Engine\Binaries\DotNET\IOS
[2017.10.03-13.43.36:982][945]LogTemp: BranchPath = S147382/C/Program Files/Epic Games/UE_4.17/Engine/Binaries --- GameBranchPath = S147382/C/Program Files/Epic Games/UE_4.17/Engine/Binaries
[2017.10.03-13.43.36:992][945]LogTemp: IPP ERROR: Could not find provision directory 'C:\Users\s147382\AppData\Local/Apple Computer/MobileDevice/Provisioning Profiles/'.
[2017.10.03-13.45.34:285][ 81]BlueprintLog: New page: Compile NewGameInstance
[2017.10.03-13.45.34:892][ 90]Cmd: OBJ SAVEPACKAGE PACKAGE="/Game/Blueprints/NewGameInstance" FILE="../../../../../../Users/s147382/Dropbox/Personal TUe/MyProject/Content/Blueprints/NewGameInstance.uasset" SILENT=true
[2017.10.03-13.45.34:899][ 90]LogSavePackage: Save=4.14ms
[2017.10.03-13.45.34:899][ 90]LogSavePackage: Moving '../../../../../../Users/s147382/Dropbox/Personal TUe/MyProject/Saved/NewGameInstance9435A0DE4A5B8AE1AF5DF79E55C7B0A2.tmp' to '../../../../../../Users/s147382/Dropbox/Personal TUe/MyProject/Content/Blueprints/NewGameInstance.uasset'
[2017.10.03-13.45.34:901][ 90]LogSavePackage: Display: Finished SavePackage ../../../../../../Users/s147382/Dropbox/Personal TUe/MyProject/Content/Blueprints/NewGameInstance.uasset
[2017.10.03-13.46.09:719][698]BlueprintLog: New page: Compile Options
[2017.10.03-13.46.10:621][711]Cmd: OBJ SAVEPACKAGE PACKAGE="/Game/UI/Options" FILE="../../../../../../Users/s147382/Dropbox/Personal TUe/MyProject/Content/UI/Options.uasset" SILENT=true
[2017.10.03-13.46.10:719][711]LogSavePackage: Save=91.76ms
[2017.10.03-13.46.10:719][711]LogSavePackage: Moving '../../../../../../Users/s147382/Dropbox/Personal TUe/MyProject/Saved/Options681B90F947C35C5C58F9738F54D0BD95.tmp' to '../../../../../../Users/s147382/Dropbox/Personal TUe/MyProject/Content/UI/Options.uasset'
[2017.10.03-13.46.10:723][711]LogSavePackage: Display: Finished SavePackage ../../../../../../Users/s147382/Dropbox/Personal TUe/MyProject/Content/UI/Options.uasset
[2017.10.03-13.46.34:727][318]LogEditorViewport: Clicking on Actor (LMB): StaticMeshActor (Ground)
[2017.10.03-13.47.02:053][ 13]LogSlate: Warning: Prevented a slow task dialog from being summoned while a context menu was open
[2017.10.03-13.49.49:279][217]Cmd: TRANSACTION UNDO
[2017.10.03-13.49.49:279][217]LogEditorTransaction: Undo Move Actors
[2017.10.03-13.49.51:880][295]LogEditorViewport: Clicking on Actor (LMB): StaticMeshActor (Ground)
[2017.10.03-13.50.57:770][619]LogTemp: Repeating last play command: Standalone Game
[2017.10.03-13.50.58:124][619]LogSavePackage: Save=189.02ms
[2017.10.03-13.50.58:124][619]LogSavePackage: Moving '../../../../../../Users/s147382/Dropbox/Personal TUe/MyProject/Saved/UEDPCRollingBPExampleMapAD7B1D2346AD470C8A4914AC0164486F.tmp' to '../../../../../../Users/s147382/Dropbox/Personal TUe/MyProject/Saved/Autosaves/Game/RollingBP/Maps/UEDPCRollingBPExampleMap.umap'
[2017.10.03-13.50.58:148][619]LogSavePackage: Display: Finished SavePackage ../../../../../../Users/s147382/Dropbox/Personal TUe/MyProject/Saved/Autosaves/Game/RollingBP/Maps/UEDPCRollingBPExampleMap.umap
[2017.10.03-13.50.58:153][619]LogEditorTransaction: Undo Spawn Play From Here Start
[2017.10.03-13.53.47:625][304]LogAIModule: Creating AISystem for world MainMenu
[2017.10.03-13.53.47:684][304]Cmd: MAP LOAD FILE="../../../../../../Users/s147382/Dropbox/Personal TUe/MyProject/Content/RollingBP/Maps/MainMenu.umap" TEMPLATE=0 SHOWPROGRESS=1 FEATURELEVEL=3
[2017.10.03-13.53.47:684][304]LightingResults: New page: Lighting Build
[2017.10.03-13.53.47:685][304]LoadErrors: New page: Loading map: MainMenu.umap
[2017.10.03-13.53.47:687][304]MapCheck: New page: Map Check
[2017.10.03-13.53.47:687][304]LightingResults: New page: Lighting Build
[2017.10.03-13.53.47:829][304]LogEditorServer: Finished looking for orphan Actors (0.000 secs)
[2017.10.03-13.53.48:256][304]Cmd: MAP CHECKDEP NOCLEARLOG
[2017.10.03-13.53.48:326][304]MapCheck: Map check complete: 0 Error(s), 0 Warning(s), took 69.641ms to complete.
[2017.10.03-13.53.48:326][304]LogFileHelpers: Loading map 'MainMenu' took 0.652
[2017.10.03-13.55.04:542][592]LogAIModule: Creating AISystem for world RollingBPExampleMap
[2017.10.03-13.55.04:582][592]Cmd: MAP LOAD FILE="../../../../../../Users/s147382/Dropbox/Personal TUe/MyProject/Content/RollingBP/Maps/RollingBPExampleMap.umap" TEMPLATE=0 SHOWPROGRESS=1 FEATURELEVEL=3
[2017.10.03-13.55.04:582][592]LightingResults: New page: Lighting Build
[2017.10.03-13.55.04:583][592]LoadErrors: New page: Loading map: RollingBPExampleMap.umap
[2017.10.03-13.55.04:583][592]MapCheck: New page: Map Check
[2017.10.03-13.55.04:583][592]LightingResults: New page: Lighting Build
[2017.10.03-13.55.04:693][592]LogEditorServer: Finished looking for orphan Actors (0.000 secs)
[2017.10.03-13.55.04:736][592]Cmd: MAP CHECKDEP NOCLEARLOG
[2017.10.03-13.55.04:806][592]MapCheck: Map check complete: 0 Error(s), 0 Warning(s), took 70.023ms to complete.
[2017.10.03-13.55.04:807][592]LogFileHelpers: Loading map 'RollingBPExampleMap' took 0.227
[2017.10.03-13.57.35:659][761]LogWindowsTextInputMethodSystem: Display: IME system now deactivated.
[2017.10.03-13.57.35:951][762]Cmd: QUIT_EDITOR
[2017.10.03-13.57.36:239][762]LogExit: Preparing to exit.
[2017.10.03-13.57.37:265][762]LogDirectoryWatcher: A directory notification for 'C:/Users/s147382/Dropbox/Personal TUe/MyProject/Content/' was aborted.
[2017.10.03-13.57.37:302][762]LogExit: Editor shut down
[2017.10.03-13.57.37:318][762]LogExit: Transaction tracking system shut down
[2017.10.03-13.57.37:486][762]LogDirectoryWatcher: A directory notification for '../../../Engine/Content/' was aborted.
[2017.10.03-13.57.37:486][762]LogDirectoryWatcher: A directory notification for '../../../../../../Users/s147382/Dropbox/Personal TUe/MyProject/Content/' was aborted.
[2017.10.03-13.57.37:486][762]LogDirectoryWatcher: A directory notification for '../../../Engine/Plugins/2D/Paper2D/Content/' was aborted.
[2017.10.03-13.57.37:486][762]LogDirectoryWatcher: A directory notification for '../../../Engine/Plugins/Runtime/Oculus/OculusVR/Content/' was aborted.
[2017.10.03-13.57.37:486][762]LogDirectoryWatcher: A directory notification for '../../../Engine/Plugins/Runtime/Steam/SteamVR/Content/' was aborted.
[2017.10.03-13.57.37:672][762]LogExit: Object subsystem successfully closed.
[2017.10.03-13.57.37:724][762]LogD3D11RHI: Shutdown
[2017.10.03-13.57.37:724][762]LogD3D11RHI: CleanupD3DDevice
[2017.10.03-13.57.37:874][762]LogD3D11RHI: ~FD3D11DynamicRHI
[2017.10.03-13.57.37:905][762]LogModuleManager: Shutting down and abandoning module PortalProxies (542)
[2017.10.03-13.57.37:905][762]LogModuleManager: Shutting down and abandoning module ExternalImagePicker (540)
[2017.10.03-13.57.37:905][762]LogModuleManager: Shutting down and abandoning module SequencerWidgets (538)
[2017.10.03-13.57.37:905][762]LogModuleManager: Shutting down and abandoning module BlueprintGraph (536)
[2017.10.03-13.57.37:905][762]LogModuleManager: Shutting down and abandoning module BlueprintProfiler (534)
[2017.10.03-13.57.37:905][762]LogModuleManager: Shutting down and abandoning module HierarchicalLODOutliner (532)
[2017.10.03-13.57.37:905][762]LogModuleManager: Shutting down and abandoning module SceneOutliner (530)
[2017.10.03-13.57.37:905][762]LogModuleManager: Shutting down and abandoning module AddContentDialog (528)
[2017.10.03-13.57.37:906][762]LogDirectoryWatcher: A directory notification for 'C:/Program Files/Epic Games/UE_4.17/FeaturePacks/' was aborted.
[2017.10.03-13.57.37:909][762]LogModuleManager: Shutting down and abandoning module WidgetCarousel (527)
[2017.10.03-13.57.37:909][762]LogModuleManager: Shutting down and abandoning module EditorWidgets (524)
[2017.10.03-13.57.37:909][762]LogModuleManager: Shutting down and abandoning module CollectionManager (522)
[2017.10.03-13.57.37:910][762]LogDirectoryWatcher: A directory notification for 'C:/Users/s147382/Dropbox/Personal TUe/MyProject/Content/Collections/' was aborted.
[2017.10.03-13.57.37:910][762]LogDirectoryWatcher: A directory notification for 'C:/Users/s147382/Dropbox/Personal TUe/MyProject/Content/Developers/s147382/Collections/' was aborted.
[2017.10.03-13.57.37:910][762]LogDirectoryWatcher: A directory notification for 'C:/Users/s147382/Dropbox/Personal TUe/MyProject/Saved/Collections/' was aborted.
[2017.10.03-13.57.37:910][762]LogModuleManager: Shutting down and abandoning module StatsViewer (520)
[2017.10.03-13.57.37:910][762]LogModuleManager: Shutting down and abandoning module FoliageEdit (518)
[2017.10.03-13.57.37:910][762]LogModuleManager: Shutting down and abandoning module LandscapeEditor (516)
[2017.10.03-13.57.37:910][762]LogModuleManager: Shutting down and abandoning module MeshPaintMode (514)
[2017.10.03-13.57.37:911][762]LogModuleManager: Shutting down and abandoning module SceneDepthPickerMode (512)
[2017.10.03-13.57.37:911][762]LogModuleManager: Shutting down and abandoning module ActorPickerMode (510)
[2017.10.03-13.57.37:911][762]LogModuleManager: Shutting down and abandoning module GeometryMode (508)
[2017.10.03-13.57.37:911][762]LogModuleManager: Shutting down and abandoning module TextureAlignMode (506)
[2017.10.03-13.57.37:911][762]LogModuleManager: Shutting down and abandoning module BspMode (504)
[2017.10.03-13.57.37:911][762]LogModuleManager: Shutting down and abandoning module PIEPreviewDeviceProfileSelector (502)
[2017.10.03-13.57.37:911][762]LogModuleManager: Shutting down and abandoning module HardwareSurvey (500)
[2017.10.03-13.57.37:911][762]LogModuleManager: Shutting down and abandoning module SequenceRecorderSections (498)
[2017.10.03-13.57.37:911][762]LogModuleManager: Shutting down and abandoning module AutomationWorker (496)
[2017.10.03-13.57.37:911][762]LogModuleManager: Shutting down and abandoning module MatineeToLevelSequence (494)
[2017.10.03-13.57.37:911][762]LogModuleManager: Shutting down and abandoning module LevelSequenceEditor (492)
[2017.10.03-13.57.37:911][762]LogModuleManager: Shutting down and abandoning module PlacementMode (491)
[2017.10.03-13.57.37:911][762]LogModuleManager: Shutting down and abandoning module WmfMediaFactory (488)
[2017.10.03-13.57.37:911][762]LogModuleManager: Shutting down and abandoning module WmfMediaEditor (486)
[2017.10.03-13.57.37:911][762]LogModuleManager: Shutting down and abandoning module AvfMediaFactory (484)
[2017.10.03-13.57.37:911][762]LogModuleManager: Shutting down and abandoning module AvfMediaEditor (482)
[2017.10.03-13.57.37:911][762]LogModuleManager: Shutting down and abandoning module AndroidMediaFactory (480)
[2017.10.03-13.57.37:911][762]LogModuleManager: Shutting down and abandoning module Media (479)
[2017.10.03-13.57.37:911][762]LogModuleManager: Shutting down and abandoning module AndroidMediaEditor (476)
[2017.10.03-13.57.37:911][762]LogModuleManager: Shutting down and abandoning module CharacterAI (474)
[2017.10.03-13.57.37:911][762]LogModuleManager: Shutting down and abandoning module AudioCapture (472)
[2017.10.03-13.57.37:911][762]LogModuleManager: Shutting down and abandoning module SequenceRecorder (471)
[2017.10.03-13.57.37:911][762]LogModuleManager: Shutting down and abandoning module SmartSnapping (468)
[2017.10.03-13.57.37:911][762]LogModuleManager: Shutting down and abandoning module SessionServices (466)
[2017.10.03-13.57.37:911][762]LogModuleManager: Shutting down and abandoning module ViewportSnapping (464)
[2017.10.03-13.57.37:911][762]LogModuleManager: Shutting down and abandoning module ViewportInteraction (462)
[2017.10.03-13.57.37:911][762]LogModuleManager: Shutting down and abandoning module ClothPainter (460)
[2017.10.03-13.57.37:911][762]LogModuleManager: Shutting down and abandoning module LogVisualizer (458)
[2017.10.03-13.57.37:911][762]LogModuleManager: Shutting down and abandoning module IntroTutorials (456)
[2017.10.03-13.57.37:912][762]LogModuleManager: Shutting down and abandoning module GameProjectGeneration (455)
[2017.10.03-13.57.37:912][762]LogModuleManager: Shutting down and abandoning module IOSPlatformEditor (452)
[2017.10.03-13.57.37:912][762]LogModuleManager: Shutting down and abandoning module HTML5PlatformEditor (450)
[2017.10.03-13.57.37:912][762]LogModuleManager: Shutting down and abandoning module AndroidPlatformEditor (448)
[2017.10.03-13.57.37:912][762]LogModuleManager: Shutting down and abandoning module AndroidDeviceDetection (447)
[2017.10.03-13.57.38:548][762]LogModuleManager: Shutting down and abandoning module WindowsPlatformEditor (444)
[2017.10.03-13.57.38:548][762]LogModuleManager: Shutting down and abandoning module IOSRuntimeSettings (442)
[2017.10.03-13.57.38:548][762]LogModuleManager: Shutting down and abandoning module AndroidRuntimeSettings (440)
[2017.10.03-13.57.38:548][762]LogModuleManager: Shutting down and abandoning module InputBindingEditor (438)
[2017.10.03-13.57.38:548][762]LogModuleManager: Shutting down and abandoning module MergeActors (436)
[2017.10.03-13.57.38:548][762]LogModuleManager: Shutting down and abandoning module SizeMap (434)
[2017.10.03-13.57.38:548][762]LogModuleManager: Shutting down and abandoning module TreeMap (432)
[2017.10.03-13.57.38:548][762]LogModuleManager: Shutting down and abandoning module ReferenceViewer (430)
[2017.10.03-13.57.38:548][762]LogModuleManager: Shutting down and abandoning module LocalizationDashboard (428)
[2017.10.03-13.57.38:548][762]LogModuleManager: Shutting down and abandoning module LocalizationService (427)
[2017.10.03-13.57.38:548][762]LogModuleManager: Shutting down and abandoning module HardwareTargeting (424)
[2017.10.03-13.57.38:582][762]LogModuleManager: Shutting down and abandoning module DeviceProfileEditor (422)
[2017.10.03-13.57.38:582][762]LogModuleManager: Shutting down and abandoning module UndoHistory (420)
[2017.10.03-13.57.38:582][762]LogModuleManager: Shutting down and abandoning module XmlParser (418)
[2017.10.03-13.57.38:582][762]LogModuleManager: Shutting down and abandoning module Blutility (416)
[2017.10.03-13.57.38:582][762]LogModuleManager: Shutting down and abandoning module ProjectSettingsViewer (414)
[2017.10.03-13.57.38:582][762]LogModuleManager: Shutting down and abandoning module ProjectTargetPlatformEditor (413)
[2017.10.03-13.57.38:582][762]LogModuleManager: Shutting down and abandoning module EditorSettingsViewer (410)
[2017.10.03-13.57.38:582][762]LogModuleManager: Shutting down and abandoning module SettingsEditor (408)
[2017.10.03-13.57.38:582][762]LogModuleManager: Shutting down and abandoning module ProjectLauncher (406)
[2017.10.03-13.57.38:582][762]LogModuleManager: Shutting down and abandoning module SessionFrontend (404)
[2017.10.03-13.57.38:582][762]LogModuleManager: Shutting down and abandoning module ProfilerClient (402)
[2017.10.03-13.57.38:582][762]LogModuleManager: Shutting down and abandoning module DeviceManager (400)
[2017.10.03-13.57.38:582][762]LogModuleManager: Shutting down and abandoning module TargetDeviceServices (399)
[2017.10.03-13.57.38:635][762]LogModuleManager: Shutting down and abandoning module AutomationController (396)
[2017.10.03-13.57.38:635][762]LogModuleManager: Shutting down and abandoning module AutomationWindow (394)
[2017.10.03-13.57.38:635][762]LogModuleManager: Shutting down and abandoning module Layers (392)
[2017.10.03-13.57.38:635][762]LogModuleManager: Shutting down and abandoning module ComponentVisualizers (390)
[2017.10.03-13.57.38:635][762]LogModuleManager: Shutting down and abandoning module DetailCustomizations (388)
[2017.10.03-13.57.38:635][762]LogModuleManager: Shutting down and abandoning module PackagesDialog (386)
[2017.10.03-13.57.38:635][762]LogModuleManager: Shutting down and abandoning module Persona (384)
[2017.10.03-13.57.38:635][762]LogModuleManager: Shutting down and abandoning module AdvancedPreviewScene (383)
[2017.10.03-13.57.38:635][762]LogModuleManager: Shutting down and abandoning module AnimGraph (381)
[2017.10.03-13.57.38:635][762]LogModuleManager: Shutting down and abandoning module Kismet (378)
[2017.10.03-13.57.38:642][762]LogModuleManager: Shutting down and abandoning module ClassViewer (376)
[2017.10.03-13.57.38:644][762]LogModuleManager: Shutting down and abandoning module Toolbox (374)
[2017.10.03-13.57.38:644][762]LogModuleManager: Shutting down and abandoning module ModuleUI (372)
[2017.10.03-13.57.38:644][762]LogModuleManager: Shutting down and abandoning module MovieSceneTools (370)
[2017.10.03-13.57.38:644][762]LogModuleManager: Shutting down and abandoning module OutputLog (368)
[2017.10.03-13.57.38:644][762]LogModuleManager: Shutting down and abandoning module GammaUI (366)
[2017.10.03-13.57.38:644][762]LogModuleManager: Shutting down and abandoning module Documentation (364)
[2017.10.03-13.57.38:644][762]LogModuleManager: Shutting down and abandoning module MovieSceneTracks (362)
[2017.10.03-13.57.38:644][762]LogModuleManager: Shutting down and abandoning module MovieScene (360)
[2017.10.03-13.57.38:644][762]LogModuleManager: Shutting down and abandoning module Niagara (358)
[2017.10.03-13.57.38:644][762]LogModuleManager: Shutting down and abandoning module NiagaraEditor (357)
[2017.10.03-13.57.38:644][762]LogModuleManager: Shutting down and abandoning module StreamingPauseRendering (354)
[2017.10.03-13.57.38:644][762]LogModuleManager: Shutting down and abandoning module LauncherPlatform (352)
[2017.10.03-13.57.38:644][762]LogModuleManager: Shutting down and abandoning module AnalyticsET (350)
[2017.10.03-13.57.38:644][762]LogModuleManager: Shutting down and abandoning module PortalServices (348)
[2017.10.03-13.57.38:644][762]LogModuleManager: Shutting down and abandoning module PortalRpc (346)
[2017.10.03-13.57.38:649][762]LogModuleManager: Shutting down and abandoning module MessagingRpc (344)
[2017.10.03-13.57.38:649][762]LogModuleManager: Shutting down and abandoning module AIModule (342)
[2017.10.03-13.57.38:649][762]LogModuleManager: Shutting down and abandoning module GameplayDebugger (341)
[2017.10.03-13.57.38:649][762]LogModuleManager: Shutting down and abandoning module AITestSuite (339)
[2017.10.03-13.57.38:649][762]LogModuleManager: Shutting down and abandoning module ProfilerService (336)
[2017.10.03-13.57.38:721][762]LogModuleManager: Shutting down and abandoning module TaskGraph (334)
[2017.10.03-13.57.38:722][762]LogModuleManager: Shutting down and abandoning module SteamVRController (332)
[2017.10.03-13.57.38:722][762]LogModuleManager: Shutting down and abandoning module ProceduralMeshComponentEditor (330)
[2017.10.03-13.57.38:722][762]LogModuleManager: Shutting down and abandoning module ProceduralMeshComponent (328)
[2017.10.03-13.57.38:722][762]LogModuleManager: Shutting down and abandoning module OculusInput (326)
[2017.10.03-13.57.38:722][762]LogModuleManager: Shutting down and abandoning module MobilePatchingUtils (324)
[2017.10.03-13.57.38:722][762]LogModuleManager: Shutting down and abandoning module CustomMeshComponent (322)
[2017.10.03-13.57.38:722][762]LogModuleManager: Shutting down and abandoning module CableComponent (320)
[2017.10.03-13.57.38:722][762]LogModuleManager: Shutting down and abandoning module ArchVisCharacter (318)
[2017.10.03-13.57.38:722][762]LogModuleManager: Shutting down and abandoning module AndroidPermission (316)
[2017.10.03-13.57.38:722][762]LogModuleManager: Shutting down and abandoning module MediaPlayerEditor (312)
[2017.10.03-13.57.38:722][762]LogModuleManager: Shutting down and abandoning module HTML5Networking (310)
[2017.10.03-13.57.38:722][762]LogModuleManager: Shutting down and abandoning module AlembicImporter (308)
[2017.10.03-13.57.38:722][762]LogModuleManager: Shutting down and abandoning module AlembicLibrary (307)
[2017.10.03-13.57.38:722][762]LogModuleManager: Shutting down and abandoning module GeometryCache (306)
[2017.10.03-13.57.38:722][762]LogModuleManager: Shutting down and abandoning module GeometryCacheEd (305)
[2017.10.03-13.57.38:722][762]LogModuleManager: Shutting down and abandoning module SpeedTreeImporter (300)
[2017.10.03-13.57.38:722][762]LogModuleManager: Shutting down and abandoning module PluginBrowser (298)
[2017.10.03-13.57.38:722][762]LogModuleManager: Shutting down and abandoning module MobileLauncherProfileWizard (296)
[2017.10.03-13.57.38:722][762]LogModuleManager: Shutting down and abandoning module VisualStudioSourceCodeAccess (294)
[2017.10.03-13.57.38:722][762]LogModuleManager: Shutting down and abandoning module DesktopPlatform (293)
[2017.10.03-13.57.38:722][762]LogModuleManager: Shutting down and abandoning module UObjectPlugin (290)
[2017.10.03-13.57.38:722][762]LogModuleManager: Shutting down and abandoning module SubversionSourceControl (288)
[2017.10.03-13.57.38:722][762]LogModuleManager: Shutting down and abandoning module PerforceSourceControl (286)
[2017.10.03-13.57.38:722][762]LogModuleManager: Shutting down and abandoning module GitSourceControl (284)
[2017.10.03-13.57.38:723][762]LogModuleManager: Shutting down and abandoning module SourceControl (283)
[2017.10.03-13.57.38:723][762]LogModuleManager: Shutting down and abandoning module LightPropagationVolumeEditor (280)
[2017.10.03-13.57.38:723][762]LogModuleManager: Shutting down and abandoning module PaperTiledImporter (278)
[2017.10.03-13.57.38:723][762]LogModuleManager: Shutting down and abandoning module PaperSpriteSheetImporter (276)
[2017.10.03-13.57.38:723][762]LogModuleManager: Shutting down and abandoning module Paper2DEditor (274)
[2017.10.03-13.57.38:723][762]LogModuleManager: Shutting down and abandoning module MeshPaint (273)
[2017.10.03-13.57.38:723][762]LogModuleManager: Shutting down and abandoning module LevelEditor (271)
[2017.10.03-13.57.38:724][762]LogModuleManager: Shutting down and abandoning module PixelInspectorModule (270)
[2017.10.03-13.57.38:807][762]LogModuleManager: Shutting down and abandoning module MainFrame (268)
[2017.10.03-13.57.38:807][762]LogModuleManager: Shutting down and abandoning module HotReload (267)
[2017.10.03-13.57.38:807][762]LogDirectoryWatcher: A directory notification for 'C:/Users/s147382/Dropbox/Personal TUe/MyProject/Plugins/VictoryPlugin/PluginPackaged/Binaries/Win64' was aborted.
[2017.10.03-13.57.38:807][762]LogModuleManager: Shutting down and abandoning module VictoryBPLibrary (262)
[2017.10.03-13.57.38:807][762]LogModuleManager: Shutting down and abandoning module RuntimePhysXCooking (260)
[2017.10.03-13.57.38:807][762]LogModuleManager: Shutting down and abandoning module PhysXVehiclesEditor (258)
[2017.10.03-13.57.38:807][762]LogModuleManager: Shutting down and abandoning module PhysXVehicles (256)
[2017.10.03-13.57.38:807][762]LogModuleManager: Shutting down and abandoning module OculusEditor (254)
[2017.10.03-13.57.38:807][762]LogModuleManager: Shutting down and abandoning module LocationServicesBPLibrary (252)
[2017.10.03-13.57.38:807][762]LogModuleManager: Shutting down and abandoning module ImmediatePhysicsEditor (250)
[2017.10.03-13.57.38:807][762]LogModuleManager: Shutting down and abandoning module ImmediatePhysics (248)
[2017.10.03-13.57.38:807][762]LogModuleManager: Shutting down and abandoning module UdpMessaging (246)
[2017.10.03-13.57.38:908][762]LogModuleManager: Shutting down and abandoning module TcpMessaging (244)
[2017.10.03-13.57.39:008][762]LogModuleManager: Shutting down and abandoning module GameplayTagsEditor (242)
[2017.10.03-13.57.39:008][762]LogModuleManager: Shutting down and abandoning module FacialAnimationEditor (240)
[2017.10.03-13.57.39:008][762]LogModuleManager: Shutting down and abandoning module FacialAnimation (238)
[2017.10.03-13.57.39:008][762]LogModuleManager: Shutting down and abandoning module AssetManagerEditor (236)
[2017.10.03-13.57.39:008][762]LogModuleManager: Shutting down and abandoning module GraphEditor (235)
[2017.10.03-13.57.39:008][762]LogModuleManager: Shutting down and abandoning module ContentBrowser (233)
[2017.10.03-13.57.39:009][762]LogModuleManager: Shutting down and abandoning module LightPropagationVolumeRuntime (230)
[2017.10.03-13.57.39:009][762]LogModuleManager: Shutting down and abandoning module Paper2D (228)
[2017.10.03-13.57.39:009][762]LogModuleManager: Shutting down and abandoning module WindowsMoviePlayer (226)
[2017.10.03-13.57.39:009][762]LogModuleManager: Shutting down and abandoning module WmfMedia (224)
[2017.10.03-13.57.39:009][762]LogModuleManager: Shutting down and abandoning module PacketHandler (222)
[2017.10.03-13.57.39:009][762]LogModuleManager: Shutting down and abandoning module ClothingSystemEditor (220)
[2017.10.03-13.57.39:009][762]LogModuleManager: Shutting down and abandoning module ClothingSystemRuntime (218)
[2017.10.03-13.57.39:010][762]LogModuleManager: Shutting down and abandoning module Overlay (216)
[2017.10.03-13.57.39:010][762]LogModuleManager: Shutting down and abandoning module OverlayEditor (215)
[2017.10.03-13.57.39:010][762]LogModuleManager: Shutting down and abandoning module MediaAssets (212)
[2017.10.03-13.57.39:010][762]LogModuleManager: Shutting down and abandoning module VREditor (210)
[2017.10.03-13.57.39:010][762]LogModuleManager: Shutting down and abandoning module StringTableEditor (208)
[2017.10.03-13.57.39:010][762]LogModuleManager: Shutting down and abandoning module GameplayTasksEditor (206)
[2017.10.03-13.57.39:010][762]LogModuleManager: Shutting down and abandoning module BehaviorTreeEditor (204)
[2017.10.03-13.57.39:010][762]LogModuleManager: Shutting down and abandoning module FunctionalTesting (202)
[2017.10.03-13.57.39:010][762]LogModuleManager: Shutting down and abandoning module CollisionAnalyzer (200)
[2017.10.03-13.57.39:010][762]LogModuleManager: Shutting down and abandoning module WorkspaceMenuStructure (199)
[2017.10.03-13.57.39:010][762]LogModuleManager: Shutting down and abandoning module UMG (196)
[2017.10.03-13.57.39:056][762]LogModuleManager: Shutting down and abandoning module UMGEditor (195)
[2017.10.03-13.57.39:056][762]LogModuleManager: Shutting down and abandoning module Sequencer (194)
[2017.10.03-13.57.39:056][762]LogModuleManager: Shutting down and abandoning module MessageLog (191)
[2017.10.03-13.57.39:056][762]LogModuleManager: Shutting down and abandoning module SlateReflector (186)
[2017.10.03-13.57.39:056][762]LogModuleManager: Shutting down and abandoning module Slate (184)
[2017.10.03-13.57.39:056][762]LogModuleManager: Shutting down and abandoning module EditorStyle (182)
[2017.10.03-13.57.39:205][762]LogModuleManager: Shutting down and abandoning module MRMesh (180)
[2017.10.03-13.57.39:205][762]LogModuleManager: Shutting down and abandoning module SourceCodeAccess (178)
[2017.10.03-13.57.39:205][762]LogModuleManager: Shutting down and abandoning module HeadMountedDisplay (176)
[2017.10.03-13.57.39:205][762]LogModuleManager: Shutting down and abandoning module XAudio2 (174)
[2017.10.03-13.57.39:205][762]LogModuleManager: Shutting down and abandoning module Networking (172)
[2017.10.03-13.57.39:205][762]LogModuleManager: Shutting down and abandoning module Core (168)
[2017.10.03-13.57.39:205][762]LogModuleManager: Shutting down and abandoning module KismetCompiler (164)
[2017.10.03-13.57.39:205][762]LogModuleManager: Shutting down and abandoning module LevelSequence (162)
[2017.10.03-13.57.39:205][762]LogModuleManager: Shutting down and abandoning module MeshUtilities (160)
[2017.10.03-13.57.39:205][762]LogModuleManager: Shutting down and abandoning module MeshMergeUtilities (159)
[2017.10.03-13.57.39:205][762]LogModuleManager: Shutting down and abandoning module MeshReductionInterface (158)
[2017.10.03-13.57.39:205][762]LogModuleManager: Shutting down and abandoning module SimplygonSwarm (157)
[2017.10.03-13.57.39:205][762]LogModuleManager: Shutting down and abandoning module SimplygonMeshReduction (155)
[2017.10.03-13.57.39:205][762]LogModuleManager: Shutting down and abandoning module QuadricMeshReduction (153)
[2017.10.03-13.57.39:205][762]LogModuleManager: Shutting down and abandoning module MaterialBaking (149)
[2017.10.03-13.57.39:205][762]LogModuleManager: Shutting down and abandoning module DirectoryWatcher (146)
[2017.10.03-13.57.39:206][762]LogModuleManager: Shutting down and abandoning module DerivedDataCache (144)
[2017.10.03-13.57.39:233][762]LogDerivedDataCache: Shutdown
[2017.10.03-13.57.39:233][762]LogModuleManager: Shutting down and abandoning module TargetPlatform (142)
[2017.10.03-13.57.39:233][762]LogModuleManager: Shutting down and abandoning module VulkanShaderFormat (141)
[2017.10.03-13.57.39:233][762]LogModuleManager: Shutting down and abandoning module ShaderFormatVectorVM (139)
[2017.10.03-13.57.39:233][762]LogModuleManager: Shutting down and abandoning module ShaderFormatOpenGL (137)
[2017.10.03-13.57.39:233][762]LogModuleManager: Shutting down and abandoning module ShaderFormatD3D (135)
[2017.10.03-13.57.39:233][762]LogModuleManager: Shutting down and abandoning module MetalShaderFormat (133)
[2017.10.03-13.57.39:233][762]LogModuleManager: Shutting down and abandoning module TextureFormatUncompressed (131)
[2017.10.03-13.57.39:233][762]LogModuleManager: Shutting down and abandoning module TextureFormatPVR (129)
[2017.10.03-13.57.39:233][762]LogModuleManager: Shutting down and abandoning module TextureFormatDXT (127)
[2017.10.03-13.57.39:233][762]LogModuleManager: Shutting down and abandoning module TextureFormatIntelISPCTexComp (125)
[2017.10.03-13.57.39:233][762]LogModuleManager: Shutting down and abandoning module TextureFormatASTC (123)
[2017.10.03-13.57.39:233][762]LogModuleManager: Shutting down and abandoning module ImageWrapper (122)
[2017.10.03-13.57.39:234][762]LogModuleManager: Shutting down and abandoning module TextureFormatAndroid (119)
[2017.10.03-13.57.39:234][762]LogModuleManager: Shutting down and abandoning module AudioFormatOpus (117)
[2017.10.03-13.57.39:234][762]LogModuleManager: Shutting down and abandoning module AudioFormatOgg (115)
[2017.10.03-13.57.39:332][762]LogModuleManager: Shutting down and abandoning module AudioFormatADPCM (113)
[2017.10.03-13.57.39:332][762]LogModuleManager: Shutting down and abandoning module LinuxTargetPlatform (111)
[2017.10.03-13.57.39:332][762]LogModuleManager: Shutting down and abandoning module LinuxServerTargetPlatform (109)
[2017.10.03-13.57.39:332][762]LogModuleManager: Shutting down and abandoning module LinuxNoEditorTargetPlatform (107)
[2017.10.03-13.57.39:332][762]LogModuleManager: Shutting down and abandoning module LinuxClientTargetPlatform (105)
[2017.10.03-13.57.39:332][762]LogModuleManager: Shutting down and abandoning module TVOSTargetPlatform (103)
[2017.10.03-13.57.39:332][762]LogModuleManager: Shutting down and abandoning module Messaging (101)
[2017.10.03-13.57.39:332][762]LogModuleManager: Shutting down and abandoning module IOSTargetPlatform (99)
[2017.10.03-13.57.39:332][762]LogModuleManager: Shutting down and abandoning module HTML5TargetPlatform (97)
[2017.10.03-13.57.39:332][762]LogModuleManager: Shutting down and abandoning module Android_PVRTCTargetPlatform (95)
[2017.10.03-13.57.39:332][762]LogModuleManager: Shutting down and abandoning module Android_MultiTargetPlatform (93)
[2017.10.03-13.57.39:332][762]LogModuleManager: Shutting down and abandoning module Android_ETC2TargetPlatform (91)
[2017.10.03-13.57.39:332][762]LogModuleManager: Shutting down and abandoning module Android_ETC1TargetPlatform (89)
[2017.10.03-13.57.39:332][762]LogModuleManager: Shutting down and abandoning module Android_DXTTargetPlatform (87)
[2017.10.03-13.57.39:332][762]LogModuleManager: Shutting down and abandoning module Android_ATCTargetPlatform (85)
[2017.10.03-13.57.39:332][762]LogModuleManager: Shutting down and abandoning module Android_ASTCTargetPlatform (83)
[2017.10.03-13.57.39:332][762]LogModuleManager: Shutting down and abandoning module AndroidTargetPlatform (81)
[2017.10.03-13.57.39:332][762]LogModuleManager: Shutting down and abandoning module WindowsTargetPlatform (79)
[2017.10.03-13.57.39:332][762]LogModuleManager: Shutting down and abandoning module WindowsServerTargetPlatform (77)
[2017.10.03-13.57.39:332][762]LogModuleManager: Shutting down and abandoning module WindowsNoEditorTargetPlatform (75)
[2017.10.03-13.57.39:332][762]LogModuleManager: Shutting down and abandoning module WindowsClientTargetPlatform (73)
[2017.10.03-13.57.39:332][762]LogModuleManager: Shutting down and abandoning module MacTargetPlatform (71)
[2017.10.03-13.57.39:332][762]LogModuleManager: Shutting down and abandoning module MacServerTargetPlatform (69)
[2017.10.03-13.57.39:332][762]LogModuleManager: Shutting down and abandoning module MacNoEditorTargetPlatform (67)
[2017.10.03-13.57.39:332][762]LogModuleManager: Shutting down and abandoning module MacClientTargetPlatform (65)
[2017.10.03-13.57.39:332][762]LogModuleManager: Shutting down and abandoning module AllDesktopTargetPlatform (63)
[2017.10.03-13.57.39:332][762]LogModuleManager: Shutting down and abandoning module InputCore (60)
[2017.10.03-13.57.39:333][762]LogModuleManager: Shutting down and abandoning module Settings (58)
[2017.10.03-13.57.39:333][762]LogModuleManager: Shutting down and abandoning module PhysXCooking (56)
[2017.10.03-13.57.39:333][762]LogModuleManager: Shutting down and abandoning module SteamVR (54)
[2017.10.03-13.57.39:333][762]LogModuleManager: Shutting down and abandoning module OculusHMD (52)
[2017.10.03-13.57.39:333][762]LogModuleManager: Shutting down and abandoning module ExampleDeviceProfileSelector (50)
[2017.10.03-13.57.39:333][762]LogModuleManager: Shutting down and abandoning module OnlineBlueprintSupport (48)
[2017.10.03-13.57.39:333][762]LogModuleManager: Shutting down and abandoning module OnlineSubsystem (44)
[2017.10.03-13.57.39:333][762]LogOnline: Display: Unloading online subsystem: NULL
[2017.10.03-13.57.39:333][762]LogModuleManager: Shutting down and abandoning module XMPP (43)
[2017.10.03-13.57.39:333][762]LogModuleManager: Shutting down and abandoning module HTTP (41)
[2017.10.03-13.57.39:398][762]LogHttp: Display: Http module shutting down, but needs to wait on 1 outstanding Http requests:
[2017.10.03-13.57.39:398][762]LogHttp: Display: 	verb=[POST] url=[https://datarouter.ol.epicgames.com/datarouter/api/v1/public/data?SessionID=%7B36EBDDEE-4D92-07CC-BB61-7C9F83EB2C3E%7D&AppID=UEEditor.Rocket.Release&AppVersion=4.17.1-3586342%2B%2B%2BUE4%2BRelease-4.17&UserID=662fdd904eec4e2f7d1cafaccda34b21%7Cd396801e7f0c4e2eba21cd0b7973a446%7C6db52125-5a10-46a3-b6af-e5fa0dc5de2e&AppEnvironment=datacollector-binary&UploadType=eteventstream] status=Processing
[2017.10.03-13.57.39:532][762]LogModuleManager: Shutting down and abandoning module SSL (40)
[2017.10.03-13.57.39:534][762]LogModuleManager: Shutting down and abandoning module AnimationModifiers (36)
[2017.10.03-13.57.39:534][762]LogModuleManager: Shutting down and abandoning module PropertyEditor (35)
[2017.10.03-13.57.39:534][762]LogModuleManager: Shutting down and abandoning module AudioEditor (32)
[2017.10.03-13.57.39:534][762]LogModuleManager: Shutting down and abandoning module TextureCompressor (30)
[2017.10.03-13.57.39:534][762]LogModuleManager: Shutting down and abandoning module ShaderCore (28)
[2017.10.03-13.57.39:534][762]LogModuleManager: Shutting down and abandoning module Landscape (26)
[2017.10.03-13.57.39:534][762]LogModuleManager: Shutting down and abandoning module SlateRHIRenderer (24)
[2017.10.03-13.57.39:536][762]LogModuleManager: Shutting down and abandoning module OpenGLDrv (22)
[2017.10.03-13.57.39:536][762]LogModuleManager: Shutting down and abandoning module D3D11RHI (20)
[2017.10.03-13.57.39:536][762]LogModuleManager: Shutting down and abandoning module AnimGraphRuntime (18)
[2017.10.03-13.57.39:536][762]LogModuleManager: Shutting down and abandoning module Renderer (16)
[2017.10.03-13.57.39:536][762]LogModuleManager: Shutting down and abandoning module Engine (14)
[2017.10.03-13.57.39:536][762]LogModuleManager: Shutting down and abandoning module CoreUObject (12)
[2017.10.03-13.57.39:536][762]LogModuleManager: Shutting down and abandoning module NetworkFile (10)
[2017.10.03-13.57.39:537][762]LogModuleManager: Shutting down and abandoning module CookedIterativeFile (8)
[2017.10.03-13.57.39:537][762]LogModuleManager: Shutting down and abandoning module StreamingFile (6)
[2017.10.03-13.57.39:537][762]LogModuleManager: Shutting down and abandoning module SandboxFile (4)
[2017.10.03-13.57.39:537][762]LogModuleManager: Shutting down and abandoning module PakFile (2)
[2017.10.03-13.57.39:701][762]LogExit: Exiting.
[2017.10.03-13.57.40:620][762]Log file closed, 10/03/17 15:57:40
