Log file open, 10/12/17 13:57:32
LogWindows: Failed to load 'aqProf.dll' (GetLastError=126)
LogWindows: File 'aqProf.dll' does not exist
LogWindows: Failed to load 'VSPerf140.dll' (GetLastError=126)
LogWindows: File 'VSPerf140.dll' does not exist
LogWindows: Failed to load 'VtuneApi.dll' (GetLastError=126)
LogWindows: File 'VtuneApi.dll' does not exist
LogWindows: Failed to load 'VtuneApi32e.dll' (GetLastError=126)
LogWindows: File 'VtuneApi32e.dll' does not exist
LogInit: Display: Running engine for game: MyProject
LogPlatformFile: Not using cached read wrapper
LogInit: Display: RandInit(246220478) SRandInit(246220478).
LogTaskGraph: Started task graph with 5 named threads and 14 total threads with 3 sets of task threads.
LogStats: Stats thread started at 0.216355
LogD3D11RHI: Aftermath initialized
LogPluginManager: Mounting plugin Paper2D
LogPluginManager: Mounting plugin LightPropagationVolume
LogPluginManager: Mounting plugin CodeLiteSourceCodeAccess
LogPluginManager: Mounting plugin GitSourceControl
LogPluginManager: Mounting plugin KDevelopSourceCodeAccess
LogPluginManager: Mounting plugin NullSourceCodeAccess
LogPluginManager: Mounting plugin PerforceSourceControl
LogPluginManager: Mounting plugin SubversionSourceControl
LogPluginManager: Mounting plugin UObjectPlugin
LogPluginManager: Mounting plugin VisualStudioSourceCodeAccess
LogPluginManager: Mounting plugin XCodeSourceCodeAccess
LogPluginManager: Mounting plugin AssetManagerEditor
LogPluginManager: Mounting plugin AudioCapture
LogPluginManager: Mounting plugin FacialAnimation
LogPluginManager: Mounting plugin GameplayTagsEditor
LogPluginManager: Mounting plugin MobileLauncherProfileWizard
LogPluginManager: Mounting plugin PluginBrowser
LogPluginManager: Mounting plugin SpeedTreeImporter
LogPluginManager: Mounting plugin AlembicImporter
LogPluginManager: Mounting plugin CharacterAI
LogPluginManager: Mounting plugin HTML5Networking
LogPluginManager: Mounting plugin AndroidMedia
LogPluginManager: Mounting plugin AvfMedia
LogPluginManager: Mounting plugin MediaPlayerEditor
LogPluginManager: Mounting plugin WmfMedia
LogPluginManager: Mounting plugin TcpMessaging
LogPluginManager: Mounting plugin UdpMessaging
LogPluginManager: Mounting plugin LevelSequenceEditor
LogPluginManager: Mounting plugin MatineeToLevelSequence
LogPluginManager: Mounting plugin OnlineSubsystemGooglePlay
LogPluginManager: Mounting plugin OnlineSubsystemIOS
LogPluginManager: Mounting plugin OnlineSubsystem
LogPluginManager: Mounting plugin OnlineSubsystemNull
LogPluginManager: Mounting plugin OnlineSubsystemUtils
LogPluginManager: Mounting plugin AndroidDeviceProfileSelector
LogPluginManager: Mounting plugin AndroidMoviePlayer
LogPluginManager: Mounting plugin AndroidPermission
LogPluginManager: Mounting plugin AppleMoviePlayer
LogPluginManager: Mounting plugin ArchVisCharacter
LogPluginManager: Mounting plugin CableComponent
LogPluginManager: Mounting plugin CustomMeshComponent
LogPluginManager: Mounting plugin ExampleDeviceProfileSelector
LogPluginManager: Mounting plugin GoogleCloudMessaging
LogPluginManager: Mounting plugin ImmediatePhysics
LogPluginManager: Mounting plugin IOSDeviceProfileSelector
LogPluginManager: Mounting plugin LinuxDeviceProfileSelector
LogPluginManager: Mounting plugin LocationServicesBPLibrary
LogPluginManager: Mounting plugin MobilePatchingUtils
LogPluginManager: Mounting plugin OculusVR
LogPluginManager: Mounting plugin PhysXVehicles
LogPluginManager: Mounting plugin ProceduralMeshComponent
LogPluginManager: Mounting plugin RuntimePhysXCooking
LogPluginManager: Mounting plugin SteamVR
LogPluginManager: Mounting plugin WindowsMoviePlayer
LogPluginManager: Mounting plugin VictoryBPLibrary
LogInit: Using libcurl 7.47.1
LogInit:  - built for x86_64-pc-win32
LogInit:  - supports SSL with OpenSSL/1.0.2g
LogInit:  - supports HTTP deflate (compression) using libz 1.2.8
LogInit:  - other features:
LogInit:      CURL_VERSION_SSL
LogInit:      CURL_VERSION_LIBZ
LogInit:      CURL_VERSION_IPV6
LogInit:      CURL_VERSION_ASYNCHDNS
LogInit:      CURL_VERSION_LARGEFILE
LogInit:      CURL_VERSION_IDN
LogInit:  CurlRequestOptions (configurable via config and command line):
LogInit:  - bVerifyPeer = false  - Libcurl will NOT verify peer certificate
LogInit:  - bUseHttpProxy = false  - Libcurl will NOT use HTTP proxy
LogInit:  - bDontReuseConnections = false  - Libcurl will reuse connections
LogInit:  - CertBundlePath = nullptr  - Libcurl will use whatever was configured at build time.
LogInit: Build: ++UE4+Release-4.17-CL-3658906
LogInit: Engine Version: 4.17.2-3658906+++UE4+Release-4.17
LogInit: Compatible Engine Version: 4.17.0-3573198+++UE4+Release-4.17
LogInit: Net CL: 3573198
LogDevObjectVersion: Number of dev versions registered: 16
LogDevObjectVersion:   Dev-Blueprints (B0D832E4-1F89-4F0D-ACCF-7EB736FD4AA2): 10
LogDevObjectVersion:   Dev-Build (E1C64328-A22C-4D53-A36C-8E866417BD8C): 0
LogDevObjectVersion:   Dev-Core (375EC13C-06E4-48FB-B500-84F0262A717E): 2
LogDevObjectVersion:   Dev-Editor (E4B068ED-F494-42E9-A231-DA0B2E46BB41): 20
LogDevObjectVersion:   Dev-Framework (CFFC743F-43B0-4480-9391-14DF171D2073): 28
LogDevObjectVersion:   Dev-Mobile (B02B49B5-BB20-44E9-A304-32B752E40360): 0
LogDevObjectVersion:   Dev-Networking (A4E4105C-59A1-49B5-A7C5-40C4547EDFEE): 0
LogDevObjectVersion:   Dev-Online (39C831C9-5AE6-47DC-9A44-9C173E1C8E7C): 0
LogDevObjectVersion:   Dev-Physics (78F01B33-EBEA-4F98-B9B4-84EACCB95AA2): 0
LogDevObjectVersion:   Dev-Platform (6631380F-2D4D-43E0-8009-CF276956A95A): 0
LogDevObjectVersion:   Dev-Rendering (12F88B9F-8875-4AFC-A67C-D90C383ABD29): 19
LogDevObjectVersion:   Dev-Sequencer (7B5AE74C-D270-4C10-A958-57980B212A5A): 4
LogDevObjectVersion:   Dev-VR (D7296918-1DD6-4BDD-9DE2-64A83CC13884): 0
LogDevObjectVersion:   Dev-LoadTimes (C2A15278-BFE7-4AFE-6C17-90FF531DF755): 1
LogDevObjectVersion:   Private-Geometry (6EACA3D4-40EC-4CC1-B786-8BED09428FC5): 1
LogDevObjectVersion:   Dev-AnimPhys (29E575DD-E0A3-4627-9D10-D276232CDCEA): 7
LogInit: Compiled (64-bit): Sep 22 2017 13:47:16
LogInit: Compiled with Visual C++: 19.00.24215.01
LogInit: Build Configuration: Development
LogInit: Branch Name: ++UE4+Release-4.17
LogInit: Command line: -EpicPortal 
LogInit: Base directory: C:/Program Files/Epic Games/UE_4.17/Engine/Binaries/Win64/
LogInit: Installed Engine Build: 1
LogInit: Presizing for max 8388607 objects, including 0 objects not considered by GC, pre-allocating 0 bytes for permanent pool.
LogInit: Object subsystem initialized
[2017.10.12-11.57.33:446][  0]LogInit: Selected Device Profile: [Windows]
[2017.10.12-11.57.33:446][  0]LogInit: Applying CVar settings loaded from the selected device profile: [Windows]
[2017.10.12-11.57.33:462][  0]LogInit: Computer: S152586
[2017.10.12-11.57.33:462][  0]LogInit: User: s152586
[2017.10.12-11.57.33:462][  0]LogInit: CPU Page size=4096, Cores=4
[2017.10.12-11.57.33:462][  0]LogInit: High frequency timer resolution =2.435767 MHz
[2017.10.12-11.57.33:462][  0]LogMemory: Memory total: Physical=7.9GB (8GB approx)
[2017.10.12-11.57.33:462][  0]LogMemory: Platform Memory Stats for Windows
[2017.10.12-11.57.33:462][  0]LogMemory: Process Physical Memory: 276.88 MB used, 276.88 MB peak
[2017.10.12-11.57.33:462][  0]LogMemory: Process Virtual Memory: 274.94 MB used, 274.94 MB peak
[2017.10.12-11.57.33:462][  0]LogMemory: Physical Memory: 5646.63 MB used,  2424.63 MB free, 8071.26 MB total
[2017.10.12-11.57.33:462][  0]LogMemory: Virtual Memory: 655.46 MB used,  2424.63 MB free, 134217728.00 MB total
[2017.10.12-11.57.33:830][  0]LogInit: Using OS detected language (en-US).
[2017.10.12-11.57.33:830][  0]LogInit: Using OS detected locale (en-US).
[2017.10.12-11.57.33:850][  0]LogTextLocalizationManager: No specific localization for 'en-US' exists, so the 'en' localization will be used.
[2017.10.12-11.57.34:933][  0]LogD3D11RHI: D3D11 adapters:
[2017.10.12-11.57.34:992][  0]LogD3D11RHI:    0. 'NVIDIA Quadro K1100M   ' (Feature Level 11_0)
[2017.10.12-11.57.34:992][  0]LogD3D11RHI:       1977/0/4035 MB DedicatedVideo/DedicatedSystem/SharedSystem, Outputs:1, VendorId:0x10de
[2017.10.12-11.57.35:000][  0]LogD3D11RHI:    1. 'Intel(R) HD Graphics 4600' (Feature Level 11_0)
[2017.10.12-11.57.35:000][  0]LogD3D11RHI:       0/0/1792 MB DedicatedVideo/DedicatedSystem/SharedSystem, Outputs:0, VendorId:0x8086
[2017.10.12-11.57.35:001][  0]LogD3D11RHI:    2. 'Microsoft Basic Render Driver' (Feature Level 11_0)
[2017.10.12-11.57.35:001][  0]LogD3D11RHI:       0/0/256 MB DedicatedVideo/DedicatedSystem/SharedSystem, Outputs:0, VendorId:0x1414
[2017.10.12-11.57.35:001][  0]LogD3D11RHI: Chosen D3D11 Adapter: 0
[2017.10.12-11.57.35:007][  0]LogD3D11RHI: Creating new Direct3DDevice
[2017.10.12-11.57.35:007][  0]LogD3D11RHI:     GPU DeviceId: 0xff6 (for the marketing name, search the web for "GPU Device Id")
[2017.10.12-11.57.35:007][  0]LogWindows: EnumDisplayDevices:
[2017.10.12-11.57.35:007][  0]LogWindows:    0. 'Intel(R) HD Graphics 4600' (P:1 D:1)
[2017.10.12-11.57.35:007][  0]LogWindows:    1. 'Intel(R) HD Graphics 4600' (P:0 D:0)
[2017.10.12-11.57.35:007][  0]LogWindows:    2. 'Intel(R) HD Graphics 4600' (P:0 D:0)
[2017.10.12-11.57.35:008][  0]LogWindows: DebugString: PrimaryIsNotTheChoosenAdapter PrimaryIsNotTheChoosenAdapter PrimaryIsNotTheChoosenAdapter FoundDriverCount:0 
[2017.10.12-11.57.35:008][  0]LogD3D11RHI:     Adapter Name: NVIDIA Quadro K1100M   
[2017.10.12-11.57.35:008][  0]LogD3D11RHI:   Driver Version: Unknown (internal:Unknown, unified:Unknown)
[2017.10.12-11.57.35:008][  0]LogD3D11RHI:      Driver Date: Unknown
[2017.10.12-11.57.35:008][  0]LogRHI: Texture pool is 1361 MB (70% of 1945 MB)
[2017.10.12-11.57.35:047][  0]LogD3D11RHI: NvAPI_D3D_GetCurrentSLIState failed: 0xfffffff7
[2017.10.12-11.57.35:047][  0]LogD3D11RHI: Async texture creation enabled
[2017.10.12-11.57.35:067][  0]LogD3D11RHI: GPU Timing Frequency: 1000.000000 (Debug: 2 2)
[2017.10.12-11.57.35:069][  0]LogShaderCompilers: Guid format shader working directory is -26 characters bigger than the processId version (../../../../../../Users/s152586/Documents/GitHub/Games-and-Play/MyProject/Intermediate/Shaders/WorkingDirectory/16040/).
[2017.10.12-11.57.35:069][  0]LogShaderCompilers: Cleaned the shader compiler working directory 'C:/Users/s152586/AppData/Local/Temp/UnrealShaderWorkingDir/45A26A2F435124B0173D2C8141F6CF2D/'.
[2017.10.12-11.57.35:069][  0]LogShaderCompilers: Display: Using Local Shader Compiler.
[2017.10.12-11.57.36:465][  0]LogTemp: Display: Loaded TP AllDesktopTargetPlatform
[2017.10.12-11.57.36:534][  0]LogTemp: Display: Loaded TP MacClientTargetPlatform
[2017.10.12-11.57.36:613][  0]LogTemp: Display: Loaded TP MacNoEditorTargetPlatform
[2017.10.12-11.57.36:714][  0]LogTemp: Display: Loaded TP MacServerTargetPlatform
[2017.10.12-11.57.36:818][  0]LogTemp: Display: Loaded TP MacTargetPlatform
[2017.10.12-11.57.36:918][  0]LogTemp: Display: Loaded TP WindowsClientTargetPlatform
[2017.10.12-11.57.37:032][  0]LogTemp: Display: Loaded TP WindowsNoEditorTargetPlatform
[2017.10.12-11.57.37:145][  0]LogTemp: Display: Loaded TP WindowsServerTargetPlatform
[2017.10.12-11.57.37:222][  0]LogTemp: Display: Loaded TP WindowsTargetPlatform
[2017.10.12-11.57.37:309][  0]LogTemp: Display: Loaded TP AndroidTargetPlatform
[2017.10.12-11.57.37:389][  0]LogTemp: Display: Loaded TP Android_ASTCTargetPlatform
[2017.10.12-11.57.37:471][  0]LogTemp: Display: Loaded TP Android_ATCTargetPlatform
[2017.10.12-11.57.37:557][  0]LogTemp: Display: Loaded TP Android_DXTTargetPlatform
[2017.10.12-11.57.37:641][  0]LogTemp: Display: Loaded TP Android_ETC1TargetPlatform
[2017.10.12-11.57.37:741][  0]LogTemp: Display: Loaded TP Android_ETC2TargetPlatform
[2017.10.12-11.57.37:908][  0]LogTemp: Display: Loaded TP Android_MultiTargetPlatform
[2017.10.12-11.57.37:917][  0]LogTemp: Display: Loaded TP Android_PVRTCTargetPlatform
[2017.10.12-11.57.37:998][  0]LogTemp: Display: Loaded TP HTML5TargetPlatform
[2017.10.12-11.57.38:150][  0]LogTemp: Display: Loaded TP IOSTargetPlatform
[2017.10.12-11.57.38:196][  0]LogTemp: Display: Loaded TP TVOSTargetPlatform
[2017.10.12-11.57.38:279][  0]LogTemp: Display: Loaded TP LinuxClientTargetPlatform
[2017.10.12-11.57.38:362][  0]LogTemp: Display: Loaded TP LinuxNoEditorTargetPlatform
[2017.10.12-11.57.38:443][  0]LogTemp: Display: Loaded TP LinuxServerTargetPlatform
[2017.10.12-11.57.38:528][  0]LogTemp: Display: Loaded TP LinuxTargetPlatform
[2017.10.12-11.57.38:528][  0]LogTargetPlatformManager: Display: Building Assets For Windows
[2017.10.12-11.57.39:401][  0]LogDerivedDataCache: Display: Max Cache Size: 512 MB
[2017.10.12-11.57.39:749][  0]LogDerivedDataCache: Loaded boot cache 0.35s 93MB C:/Users/s152586/AppData/Local/UnrealEngine/4.17/DerivedDataCache/Boot.ddc.
[2017.10.12-11.57.39:749][  0]LogDerivedDataCache: Display: Loaded Boot cache: C:/Users/s152586/AppData/Local/UnrealEngine/4.17/DerivedDataCache/Boot.ddc
[2017.10.12-11.57.39:749][  0]LogDerivedDataCache: FDerivedDataBackendGraph:  Pak pak cache file ../../../../../../Users/s152586/Documents/GitHub/Games-and-Play/MyProject/DerivedDataCache/DDC.ddp not found, will not use a pak cache.
[2017.10.12-11.57.39:749][  0]LogDerivedDataCache: Unable to find inner node Pak for hierarchical cache Hierarchy.
[2017.10.12-11.57.39:749][  0]LogDerivedDataCache: FDerivedDataBackendGraph:  CompressedPak pak cache file ../../../../../../Users/s152586/Documents/GitHub/Games-and-Play/MyProject/DerivedDataCache/Compressed.ddp not found, will not use a pak cache.
[2017.10.12-11.57.39:749][  0]LogDerivedDataCache: Unable to find inner node CompressedPak for hierarchical cache Hierarchy.
[2017.10.12-11.57.39:769][  0]LogDerivedDataCache: Display: Pak cache opened for reading ../../../Engine/DerivedDataCache/Compressed.ddp.
[2017.10.12-11.57.39:783][  0]LogDerivedDataCache: Using Local data cache path C:/Users/s152586/AppData/Local/UnrealEngine/Common/DerivedDataCache: Writable
[2017.10.12-11.57.39:794][  0]LogMaterial: Verifying Global Shaders for PCD3D_SM5
[2017.10.12-11.57.39:795][  0]LogSlate: Using Freetype 2.6.0
[2017.10.12-11.57.39:798][  0]LogSlate: SlateFontCache - WITH_FREETYPE: 1, WITH_HARFBUZZ: 1
[2017.10.12-11.57.39:798][  0]LogSlate: SlateFontCache - WITH_FREETYPE: 1, WITH_HARFBUZZ: 1
[2017.10.12-11.57.40:385][  0]LogAssetRegistry: FAssetRegistry took 0.0285 seconds to start up
[2017.10.12-11.57.40:526][  0]LogInit: Selected Device Profile: [Windows]
[2017.10.12-11.57.40:768][  0]LogContentStreaming: Texture pool size is 0.00 MB
[2017.10.12-11.57.41:261][  0]LogSimplygon: Simplygon DLL not present - disabling.
[2017.10.12-11.57.41:337][  0]LogMeshReduction: Using SimplygonSwarm for distributed automatic mesh merging
[2017.10.12-11.57.41:337][  0]LogMeshReduction: Using QuadricMeshReduction for automatic static mesh reduction
[2017.10.12-11.57.41:337][  0]LogMeshReduction: No automatic skeletal mesh reduction module available
[2017.10.12-11.57.41:337][  0]LogMeshReduction: No automatic mesh merging module available
[2017.10.12-11.57.41:337][  0]LogMeshMerging: No automatic mesh merging module available
[2017.10.12-11.57.41:857][  0]LogNetVersion: MyProject , NetCL: 3573198, EngineNetVer: 2, GameNetVer: 0 (Checksum: 3113362612)
[2017.10.12-11.57.42:262][  0]LogPackageLocalizationCache: Processed 6 localized package path(s) for 2 prioritized culture(s) in 0.098844 seconds
[2017.10.12-11.57.42:268][  0]LogUObjectArray: 35825 objects as part of root set at end of initial load.
[2017.10.12-11.57.42:268][  0]LogUObjectAllocator: 7529104 out of 0 bytes used by permanent object pool.
[2017.10.12-11.57.42:268][  0]LogUObjectArray: CloseDisregardForGC: 0/0 objects in disregard for GC pool
[2017.10.12-11.57.42:343][  0]LogInit: WinSock: version 1.1 (2.2), MaxSocks=32767, MaxUdp=65467
[2017.10.12-11.57.47:581][  0]LogTcpMessaging: Initializing TcpMessaging bridge
[2017.10.12-11.57.47:644][  0]LogUdpMessaging: Initializing bridge on interface 0.0.0.0:0 to multicast group 230.0.0.1:6666.
[2017.10.12-11.57.48:848][  0]LogMaterial: Uniform references updated for custom material expression Custom.
[2017.10.12-11.57.49:463][  0]SourceControl: Source control is disabled
[2017.10.12-11.57.49:463][  0]SourceControl: Source control is disabled
[2017.10.12-11.57.49:567][  0]SourceControl: Source control is disabled
[2017.10.12-11.57.49:652][  0]SourceControl: Source control is disabled
[2017.10.12-11.57.50:724][  0]LogAndroidPermission: UAndroidPermissionCallbackProxy::GetInstance
[2017.10.12-11.57.51:156][  0]LogOcInput: OculusInput pre-init called
[2017.10.12-11.57.51:571][  0]LogEngine: Initializing Engine...
[2017.10.12-11.57.51:574][  0]LogHMD: Failed to initialize OpenVR with code 110
[2017.10.12-11.57.51:979][  0]LogStats: UGameplayTagsManager::ConstructGameplayTagTree: Construct from data asset -  0.000 s
[2017.10.12-11.57.51:979][  0]LogStats: UGameplayTagsManager::ConstructGameplayTagTree: GameplayTagTreeChangedEvent.Broadcast -  0.000 s
[2017.10.12-11.57.52:249][  0]LogAIModule: Creating AISystem for world Untitled
[2017.10.12-11.57.52:263][  0]LogInit: XAudio2 using 'Speaker/HP (Realtek High Definition Audio)' : 2 channels at 48 kHz using 32 bits per sample (channel mask 0x3)
[2017.10.12-11.57.52:304][  0]LogInit: FAudioDevice initialized.
[2017.10.12-11.57.52:407][  0]LogDerivedDataCache: Saved boot cache 0.10s 93MB C:/Users/s152586/AppData/Local/UnrealEngine/4.17/DerivedDataCache/Boot.ddc.
[2017.10.12-11.57.52:428][  0]LogInit: Texture streaming: Enabled
[2017.10.12-11.57.52:663][  0]LogEngineSessionManager: EngineSessionManager initialized
[2017.10.12-11.57.53:031][  0]LogInit: Transaction tracking system initialized
[2017.10.12-11.57.53:532][  0]BlueprintLog: New page: Editor Load
[2017.10.12-11.57.55:153][  0]LocalizationService: Localization service is disabled
[2017.10.12-11.57.56:701][  0]LogConsoleResponse: Display: 
[2017.10.12-11.57.57:072][  0]LogCook: Display: Max memory allowance for cook 16384mb min free memory 0mb
[2017.10.12-11.57.57:072][  0]LogCook: Display: Mobile HDR setting 1
[2017.10.12-11.57.57:072][  0]LogGameplayTags: Display: UGameplayTagsManager::DoneAddingNativeTags. DelegateIsBound: 0
[2017.10.12-11.57.57:810][  0]LogFileCache: Scanning file cache for directory 'C:/Users/s152586/Documents/GitHub/Games-and-Play/MyProject/Content/' took 0.04s
[2017.10.12-11.57.58:988][  0]SourceControl: Source control is disabled
[2017.10.12-11.57.58:988][  0]Cmd: MAP LOAD FILE="../../../../../../Users/s152586/Documents/GitHub/Games-and-Play/MyProject/Content/RollingBP/Maps/RollingBPExampleMap.umap" TEMPLATE=0 SHOWPROGRESS=1 FEATURELEVEL=3
[2017.10.12-11.57.58:989][  0]LightingResults: New page: Lighting Build
[2017.10.12-11.57.59:049][  0]MapCheck: New page: Map Check
[2017.10.12-11.57.59:049][  0]LightingResults: New page: Lighting Build
[2017.10.12-11.57.59:201][  0]LogLinker: Warning: Can't find file '/Game/Mannequin/Animations/StaticAnimation'
[2017.10.12-11.57.59:201][  0]LogLinker: Warning: Can't find file for asset '/Game/Mannequin/Animations/StaticAnimation' while loading ../../../../../../Users/s152586/Documents/GitHub/Games-and-Play/MyProject/Content/Squirrel/SquirrelBlueprints.uasset.
[2017.10.12-11.57.59:201][  0]LoadErrors: Error: /Game/Squirrel/SquirrelBlueprints : Can't find file for asset. /Game/Mannequin/Animations/StaticAnimation
[2017.10.12-11.57.59:203][  0]LogLinker: Warning: Can't find file '/Game/Mannequin/Animations/StaticAnimation'
[2017.10.12-11.57.59:203][  0]LogLinker: Warning: Can't find file for asset '/Game/Mannequin/Animations/StaticAnimation' while loading ../../../../../../Users/s152586/Documents/GitHub/Games-and-Play/MyProject/Content/Squirrel/SquirrelBlueprints.uasset.
[2017.10.12-11.57.59:203][  0]LoadErrors: Error: /Game/Squirrel/SquirrelBlueprints : Can't find file for asset. /Game/Mannequin/Animations/StaticAnimation
[2017.10.12-11.57.59:232][  0]LogLinker: Warning: Can't find file '/Game/Mannequin/Animations/StaticAnimation'
[2017.10.12-11.57.59:232][  0]LogLinker: Warning: Can't find file for asset '/Game/Mannequin/Animations/StaticAnimation' while loading ../../../../../../Users/s152586/Documents/GitHub/Games-and-Play/MyProject/Content/RollingBP/Blueprints/RollingGameMode.uasset.
[2017.10.12-11.57.59:232][  0]LoadErrors: Error: /Game/RollingBP/Blueprints/RollingGameMode : Can't find file for asset. /Game/Mannequin/Animations/StaticAnimation
[2017.10.12-11.57.59:232][  0]LogLinker: Warning: Can't find file '/Game/Mannequin/Animations/StaticAnimation'
[2017.10.12-11.57.59:232][  0]LogLinker: Warning: Can't find file for asset '/Game/Mannequin/Animations/StaticAnimation' while loading ../../../../../../Users/s152586/Documents/GitHub/Games-and-Play/MyProject/Content/RollingBP/Blueprints/RollingGameMode.uasset.
[2017.10.12-11.57.59:232][  0]LoadErrors: Error: /Game/RollingBP/Blueprints/RollingGameMode : Can't find file for asset. /Game/Mannequin/Animations/StaticAnimation
[2017.10.12-11.57.59:233][  0]LogLinker: Warning: Can't find file '/Game/Mannequin/Animations/StaticAnimation'
[2017.10.12-11.57.59:233][  0]LoadErrors: Failed to load /Game/Mannequin/Animations/StaticAnimation.StaticAnimation Referenced by CharacterMesh0
[2017.10.12-11.57.59:233][  0]LogLinker: Warning: Can't find file for asset '/Game/Mannequin/Animations/StaticAnimation' while loading ../../../../../../Users/s152586/Documents/GitHub/Games-and-Play/MyProject/Content/RollingBP/Blueprints/RollingGameMode.uasset.
[2017.10.12-11.57.59:233][  0]LoadErrors: Failed to load /Game/Mannequin/Animations/StaticAnimation.StaticAnimation Referenced by CharacterMesh0
[2017.10.12-11.57.59:233][  0]LoadErrors: Error: /Game/RollingBP/Blueprints/RollingGameMode : Can't find file for asset. /Game/Mannequin/Animations/StaticAnimation
[2017.10.12-11.57.59:243][  0]LogBlueprint: Warning: [Compiler SquirrelBlueprints] InputAction Event references unknown Action 'ResetVR' for  InputAction ResetVR
[2017.10.12-11.57.59:243][  0]LogBlueprint: Warning: [Compiler SquirrelBlueprints] Input Axis Event references unknown Axis 'LookUpRate' for  InputAxis LookUpRate
[2017.10.12-11.57.59:243][  0]LogBlueprint: Warning: [Compiler SquirrelBlueprints] Input Axis Event references unknown Axis 'TurnRate' for  InputAxis TurnRate
[2017.10.12-11.57.59:243][  0]LogBlueprint: Warning: [Compiler SquirrelBlueprints] Input Axis Event references unknown Axis 'LookUp' for  InputAxis LookUp
[2017.10.12-11.57.59:249][  0]LogBlueprint: Warning: [Compiler SquirrelBlueprints] [0028.86] Compile of SquirrelBlueprints successful, but with 4 Warning(s) [in 11 ms] (/Game/Squirrel/SquirrelBlueprints.SquirrelBlueprints)
[2017.10.12-11.57.59:834][  0]LogAIModule: Creating AISystem for world RollingBPExampleMap
[2017.10.12-11.57.59:888][  0]LogEditorServer: Finished looking for orphan Actors (0.000 secs)
[2017.10.12-11.57.59:920][  0]Cmd: MAP CHECKDEP NOCLEARLOG
[2017.10.12-11.58.00:090][  0]MapCheck: Map check complete: 0 Error(s), 0 Warning(s), took 169.712ms to complete.
[2017.10.12-11.58.00:090][  0]LogFileHelpers: Loading map 'RollingBPExampleMap' took 1.104
[2017.10.12-11.58.00:157][  0]LogWindowsTextInputMethodSystem: Display: IME system now deactivated.
[2017.10.12-11.58.00:314][  0]LogCollectionManager: Loaded 0 collections in 0.001601 seconds
[2017.10.12-11.58.00:422][  0]LogFileCache: Scanning file cache for directory 'C:/Users/s152586/Documents/GitHub/Games-and-Play/MyProject/Saved/Collections/' took 0.01s
[2017.10.12-11.58.00:422][  0]LogFileCache: Scanning file cache for directory 'C:/Users/s152586/Documents/GitHub/Games-and-Play/MyProject/Content/Developers/s152586/Collections/' took 0.01s
[2017.10.12-11.58.00:422][  0]LogFileCache: Scanning file cache for directory 'C:/Users/s152586/Documents/GitHub/Games-and-Play/MyProject/Content/Collections/' took 0.01s
[2017.10.12-11.58.00:422][  0]LogCollectionManager: Rebuilt the GUID cache for 0 collections in 0.000000 seconds
[2017.10.12-11.58.00:431][  0]LogContentBrowser: Native class hierarchy populated in 0.0090 seconds. Added 2392 classes and 503 folders.
[2017.10.12-11.58.00:524][  0]LogContentBrowser: Native class hierarchy updated for 'WidgetCarousel' in 0.0008 seconds. Added 0 classes and 0 folders.
[2017.10.12-11.58.00:677][  0]LogContentBrowser: Native class hierarchy updated for 'AddContentDialog' in 0.0007 seconds. Added 0 classes and 0 folders.
[2017.10.12-11.58.00:759][  0]LogContentBrowser: Native class hierarchy updated for 'SceneOutliner' in 0.0007 seconds. Added 1 classes and 2 folders.
[2017.10.12-11.58.00:786][  0]LogSlate: Took 0.001155 seconds to synchronously load lazily loaded font '../../../Engine/Content/Slate/Fonts/Roboto-Regular.ttf' (155K)
[2017.10.12-11.58.00:792][  0]LogSlate: Took 0.003362 seconds to synchronously load lazily loaded font '../../../Engine/Content/Slate/Fonts/Roboto-Bold.ttf' (160K)
[2017.10.12-11.58.00:800][  0]LogSlate: Took 0.001329 seconds to synchronously load lazily loaded font '../../../Engine/Content/Editor/Slate/Fonts/FontAwesome.ttf' (139K)
[2017.10.12-11.58.00:926][  0]LogRenderer: Reallocating scene render targets to support 1208x568 Format 9 NumSamples 1 (Frame:1).
[2017.10.12-11.58.01:439][  0]LogContentBrowser: Native class hierarchy updated for 'HierarchicalLODOutliner' in 0.0007 seconds. Added 1 classes and 2 folders.
[2017.10.12-11.58.01:439][  0]LogLoad: (Engine Initialization) Total time: 31.05 seconds
[2017.10.12-11.58.01:439][  0]LogLoad: (Engine Initialization) Total Blueprint compile time: 0.00 seconds
[2017.10.12-11.58.01:440][  0]LogExternalProfiler: No external profilers were discovered.  External profiling features will not be available.
[2017.10.12-11.58.01:471][  0]LogContentStreaming: Texture pool size now 400 MB
[2017.10.12-11.58.01:530][  0]LogSlate: Took 0.001325 seconds to synchronously load lazily loaded font '../../../Engine/Content/Slate/Fonts/Roboto-Light.ttf' (159K)
[2017.10.12-11.58.01:580][  1]LogAssetRegistry: Asset discovery search completed in 21.2442 seconds
[2017.10.12-11.58.01:583][  1]LogCollectionManager: Rebuilt the object cache for 0 collections in 0.000003 seconds (found 0 objects)
[2017.10.12-11.58.01:583][  1]LogCollectionManager: Fixed up redirectors for 0 collections in 0.000145 seconds (updated 0 objects)
[2017.10.12-11.58.28:469][290]Cmd: MAP LOAD FILE="../../../../../../Users/s152586/Documents/GitHub/Games-and-Play/MyProject/Content/RollingBP/Maps/Forest.umap" TEMPLATE=0 SHOWPROGRESS=1 FEATURELEVEL=3
[2017.10.12-11.58.28:480][290]LogSlate: Took 0.000583 seconds to synchronously load lazily loaded font '../../../Engine/Content/Slate/Fonts/Roboto-Light.ttf' (159K)
[2017.10.12-11.58.28:533][290]LightingResults: New page: Lighting Build
[2017.10.12-11.58.28:533][290]LoadErrors: New page: Loading map: Forest.umap
[2017.10.12-11.58.28:538][290]MapCheck: New page: Map Check
[2017.10.12-11.58.28:538][290]LightingResults: New page: Lighting Build
[2017.10.12-11.58.28:565][290]LogLinker: Warning: Can't find file '/Game/Mannequin/Animations/RollingAnimation'
[2017.10.12-11.58.28:566][290]LogLinker: Warning: Can't find file for asset '/Game/Mannequin/Animations/RollingAnimation' while loading ../../../../../../Users/s152586/Documents/GitHub/Games-and-Play/MyProject/Content/Squirrel/SquirrelBlend.uasset.
[2017.10.12-11.58.28:566][290]LoadErrors: Error: /Game/Squirrel/SquirrelBlend : Can't find file for asset. /Game/Mannequin/Animations/RollingAnimation
[2017.10.12-11.58.28:566][290]LogLinker: Warning: Can't find file '/Game/Mannequin/Animations/StaticAnimation'
[2017.10.12-11.58.28:566][290]LogLinker: Warning: Can't find file for asset '/Game/Mannequin/Animations/StaticAnimation' while loading ../../../../../../Users/s152586/Documents/GitHub/Games-and-Play/MyProject/Content/Squirrel/SquirrelBlend.uasset.
[2017.10.12-11.58.28:566][290]LoadErrors: Error: /Game/Squirrel/SquirrelBlend : Can't find file for asset. /Game/Mannequin/Animations/StaticAnimation
[2017.10.12-11.58.28:566][290]LogLinker: Warning: Can't find file '/Game/Mannequin/Animations/RollingAnimation'
[2017.10.12-11.58.28:567][290]LogLinker: Warning: Can't find file for asset '/Game/Mannequin/Animations/RollingAnimation' while loading ../../../../../../Users/s152586/Documents/GitHub/Games-and-Play/MyProject/Content/Squirrel/SquirrelBlend.uasset.
[2017.10.12-11.58.28:567][290]LogLinker: Warning: Can't find file '/Game/Mannequin/Animations/StaticAnimation'
[2017.10.12-11.58.28:567][290]LogLinker: Warning: Can't find file for asset '/Game/Mannequin/Animations/StaticAnimation' while loading ../../../../../../Users/s152586/Documents/GitHub/Games-and-Play/MyProject/Content/Squirrel/SquirrelBlend.uasset.
[2017.10.12-11.58.28:575][290]LogLinker: Warning: Can't find file '/Game/Mannequin/Animations/RollingAnimation'
[2017.10.12-11.58.28:575][290]LoadErrors: Failed to load /Game/Mannequin/Animations/RollingAnimation.RollingAnimation Referenced by SquirrelBlend
[2017.10.12-11.58.28:575][290]LogLinker: Warning: Can't find file for asset '/Game/Mannequin/Animations/RollingAnimation' while loading ../../../../../../Users/s152586/Documents/GitHub/Games-and-Play/MyProject/Content/RollingBP/Maps/Forest.umap.
[2017.10.12-11.58.28:575][290]LoadErrors: Error: /Game/RollingBP/Maps/Forest : Can't find file for asset. /Game/Mannequin/Animations/RollingAnimation
[2017.10.12-11.58.28:575][290]LogLinker: Warning: Can't find file '/Game/Mannequin/Animations/StaticAnimation'
[2017.10.12-11.58.28:575][290]LoadErrors: Failed to load /Game/Mannequin/Animations/StaticAnimation.StaticAnimation Referenced by SquirrelBlend
[2017.10.12-11.58.28:575][290]LogLinker: Warning: Can't find file for asset '/Game/Mannequin/Animations/StaticAnimation' while loading ../../../../../../Users/s152586/Documents/GitHub/Games-and-Play/MyProject/Content/RollingBP/Maps/Forest.umap.
[2017.10.12-11.58.28:576][290]LoadErrors: Error: /Game/RollingBP/Maps/Forest : Can't find file for asset. /Game/Mannequin/Animations/StaticAnimation
[2017.10.12-11.58.28:633][290]LogLinker: Warning: Can't find file '/Game/Material/Child_Material/M_bush_basic_Inst'
[2017.10.12-11.58.28:633][290]LogLinker: Warning: Can't find file for asset '/Game/Material/Child_Material/M_bush_basic_Inst' while loading ../../../../../../Users/s152586/Documents/GitHub/Games-and-Play/MyProject/Content/vegetation_pack/Content/Meshes/Bush/SM_bush1.uasset.
[2017.10.12-11.58.28:633][290]LoadErrors: Error: /Game/vegetation_pack/Content/Meshes/Bush/SM_bush1 : Can't find file for asset. /Game/Material/Child_Material/M_bush_basic_Inst
[2017.10.12-11.58.28:633][290]LogLinker: Warning: Can't find file '/Game/Material/Child_Material/M_bush_basic_Inst'
[2017.10.12-11.58.28:633][290]LogLinker: Warning: Can't find file for asset '/Game/Material/Child_Material/M_bush_basic_Inst' while loading ../../../../../../Users/s152586/Documents/GitHub/Games-and-Play/MyProject/Content/vegetation_pack/Content/Meshes/Bush/SM_bush1.uasset.
[2017.10.12-11.58.28:635][290]LogLinker: Warning: Can't find file '/Game/Material/Child_Material/M_bush_basic_Inst'
[2017.10.12-11.58.28:635][290]LogLinker: Warning: Can't find file for asset '/Game/Material/Child_Material/M_bush_basic_Inst' while loading ../../../../../../Users/s152586/Documents/GitHub/Games-and-Play/MyProject/Content/vegetation_pack/Content/Meshes/Bush/SM_bush2.uasset.
[2017.10.12-11.58.28:636][290]LoadErrors: Error: /Game/vegetation_pack/Content/Meshes/Bush/SM_bush2 : Can't find file for asset. /Game/Material/Child_Material/M_bush_basic_Inst
[2017.10.12-11.58.28:636][290]LogLinker: Warning: Can't find file '/Game/Material/Child_Material/M_bush_basic_Inst'
[2017.10.12-11.58.28:636][290]LogLinker: Warning: Can't find file for asset '/Game/Material/Child_Material/M_bush_basic_Inst' while loading ../../../../../../Users/s152586/Documents/GitHub/Games-and-Play/MyProject/Content/vegetation_pack/Content/Meshes/Bush/SM_bush2.uasset.
[2017.10.12-11.58.28:638][290]LogLinker: Warning: Can't find file '/Game/Material/Child_Material/M_bush_basic_Inst'
[2017.10.12-11.58.28:638][290]LogLinker: Warning: Can't find file for asset '/Game/Material/Child_Material/M_bush_basic_Inst' while loading ../../../../../../Users/s152586/Documents/GitHub/Games-and-Play/MyProject/Content/vegetation_pack/Content/Meshes/Bush/SM_bush5.uasset.
[2017.10.12-11.58.28:638][290]LoadErrors: Error: /Game/vegetation_pack/Content/Meshes/Bush/SM_bush5 : Can't find file for asset. /Game/Material/Child_Material/M_bush_basic_Inst
[2017.10.12-11.58.28:638][290]LogLinker: Warning: Can't find file '/Game/Material/Child_Material/M_bush_basic_Inst'
[2017.10.12-11.58.28:638][290]LogLinker: Warning: Can't find file for asset '/Game/Material/Child_Material/M_bush_basic_Inst' while loading ../../../../../../Users/s152586/Documents/GitHub/Games-and-Play/MyProject/Content/vegetation_pack/Content/Meshes/Bush/SM_bush5.uasset.
[2017.10.12-11.58.28:640][290]LogLinker: Warning: Can't find file '/Game/Material/Child_Material/M_bush_basic_Inst'
[2017.10.12-11.58.28:640][290]LogLinker: Warning: Can't find file for asset '/Game/Material/Child_Material/M_bush_basic_Inst' while loading ../../../../../../Users/s152586/Documents/GitHub/Games-and-Play/MyProject/Content/vegetation_pack/Content/Meshes/Bush/SM_bush6.uasset.
[2017.10.12-11.58.28:641][290]LoadErrors: Error: /Game/vegetation_pack/Content/Meshes/Bush/SM_bush6 : Can't find file for asset. /Game/Material/Child_Material/M_bush_basic_Inst
[2017.10.12-11.58.28:641][290]LogLinker: Warning: Can't find file '/Game/Material/Child_Material/M_bush_basic_Inst'
[2017.10.12-11.58.28:641][290]LogLinker: Warning: Can't find file for asset '/Game/Material/Child_Material/M_bush_basic_Inst' while loading ../../../../../../Users/s152586/Documents/GitHub/Games-and-Play/MyProject/Content/vegetation_pack/Content/Meshes/Bush/SM_bush6.uasset.
[2017.10.12-11.58.28:643][290]LogLinker: Warning: Can't find file '/Game/Material/Child_Material/M_flower_basic_red_Inst'
[2017.10.12-11.58.28:643][290]LogLinker: Warning: Can't find file for asset '/Game/Material/Child_Material/M_flower_basic_red_Inst' while loading ../../../../../../Users/s152586/Documents/GitHub/Games-and-Play/MyProject/Content/vegetation_pack/Content/Meshes/Flowers/SM_grass_flower4.uasset.
[2017.10.12-11.58.28:643][290]LoadErrors: Error: /Game/vegetation_pack/Content/Meshes/Flowers/SM_grass_flower4 : Can't find file for asset. /Game/Material/Child_Material/M_flower_basic_red_Inst
[2017.10.12-11.58.28:643][290]LogLinker: Warning: Can't find file '/Game/Material/Child_Material/M_flower_basic_red_Inst'
[2017.10.12-11.58.28:643][290]LogLinker: Warning: Can't find file for asset '/Game/Material/Child_Material/M_flower_basic_red_Inst' while loading ../../../../../../Users/s152586/Documents/GitHub/Games-and-Play/MyProject/Content/vegetation_pack/Content/Meshes/Flowers/SM_grass_flower4.uasset.
[2017.10.12-11.58.28:676][290]LogLinker: Warning: Can't find file '/Game/Material/Child_Material/M_bush_basic_Inst'
[2017.10.12-11.58.28:676][290]LoadErrors: Failed to load /Game/Material/Child_Material/M_bush_basic_Inst.M_bush_basic_Inst Referenced by SM_bush1
[2017.10.12-11.58.28:677][290]LogLinker: Warning: Can't find file for asset '/Game/Material/Child_Material/M_bush_basic_Inst' while loading NULL.
[2017.10.12-11.58.28:677][290]LogLinker: Warning: Can't find file '/Game/Material/Child_Material/M_bush_basic_Inst'
[2017.10.12-11.58.28:677][290]LoadErrors: Failed to load /Game/Material/Child_Material/M_bush_basic_Inst.M_bush_basic_Inst Referenced by SM_bush2
[2017.10.12-11.58.28:677][290]LogLinker: Warning: Can't find file for asset '/Game/Material/Child_Material/M_bush_basic_Inst' while loading NULL.
[2017.10.12-11.58.28:681][290]LogLinker: Warning: Can't find file '/Game/Material/Child_Material/M_bush_basic_Inst'
[2017.10.12-11.58.28:681][290]LoadErrors: Failed to load /Game/Material/Child_Material/M_bush_basic_Inst.M_bush_basic_Inst Referenced by SM_bush5
[2017.10.12-11.58.28:681][290]LogLinker: Warning: Can't find file for asset '/Game/Material/Child_Material/M_bush_basic_Inst' while loading NULL.
[2017.10.12-11.58.28:681][290]LogLinker: Warning: Can't find file '/Game/Material/Child_Material/M_flower_basic_red_Inst'
[2017.10.12-11.58.28:681][290]LoadErrors: Failed to load /Game/Material/Child_Material/M_flower_basic_red_Inst.M_flower_basic_red_Inst Referenced by SM_grass_flower4
[2017.10.12-11.58.28:681][290]LogLinker: Warning: Can't find file for asset '/Game/Material/Child_Material/M_flower_basic_red_Inst' while loading NULL.
[2017.10.12-11.58.28:681][290]LogLinker: Warning: Can't find file '/Game/Material/Child_Material/M_bush_basic_Inst'
[2017.10.12-11.58.28:682][290]LoadErrors: Failed to load /Game/Material/Child_Material/M_bush_basic_Inst.M_bush_basic_Inst Referenced by SM_bush6
[2017.10.12-11.58.28:682][290]LogLinker: Warning: Can't find file for asset '/Game/Material/Child_Material/M_bush_basic_Inst' while loading NULL.
[2017.10.12-11.58.28:769][290]LogAIModule: Creating AISystem for world Forest
[2017.10.12-11.58.28:783][290]LogEditorServer: Finished looking for orphan Actors (0.000 secs)
[2017.10.12-11.58.28:832][290]Cmd: MAP CHECKDEP NOCLEARLOG
[2017.10.12-11.58.29:004][290]MapCheck: Map check complete: 0 Error(s), 0 Warning(s), took 172.378ms to complete.
[2017.10.12-11.58.29:004][290]LogFileHelpers: Loading map 'Forest' took 0.538
[2017.10.12-11.59.13:496][927]LogEditorViewport: Clicking on Actor (LMB): SquirrelBlueprints_C (Squirrel_Character)
[2017.10.12-11.59.47:611][757]LogTemp: Repeating last play command: Selected Viewport
[2017.10.12-11.59.47:695][757]LogBlueprintUserMessages: Early PlayInEditor Detection: Level '/Game/RollingBP/Maps/Forest.Forest:PersistentLevel' has LevelScriptBlueprint '/Game/RollingBP/Maps/Forest.Forest:PersistentLevel.Forest' with GeneratedClass '/Game/RollingBP/Maps/Forest.Forest_C' with ClassGeneratedBy '/Game/RollingBP/Maps/Forest.Forest:PersistentLevel.Forest'
[2017.10.12-11.59.47:695][757]LogPlayLevel: PlayLevel: No blueprints needed recompiling
[2017.10.12-11.59.47:698][757]PIE: New page: PIE session: Forest (Oct 12, 2017, 3:59:47 PM)
[2017.10.12-11.59.47:699][757]LogPlayLevel: Creating play world package: /Game/RollingBP/Maps/UEDPIE_0_Forest
[2017.10.12-11.59.47:708][757]LogPlayLevel: PIE: StaticDuplicateObject took: (0.009147s)
[2017.10.12-11.59.47:709][757]LogAIModule: Creating AISystem for world Forest
[2017.10.12-11.59.47:709][757]LogPlayLevel: PIE: World Init took: (0.000760s)
[2017.10.12-11.59.47:710][757]LogPlayLevel: PIE: Created PIE world by copying editor world from /Game/RollingBP/Maps/Forest.Forest to /Game/RollingBP/Maps/UEDPIE_0_Forest.Forest (0.011123s)
[2017.10.12-11.59.47:750][757]LogInit: XAudio2 using 'Speaker/HP (Realtek High Definition Audio)' : 2 channels at 48 kHz using 32 bits per sample (channel mask 0x3)
[2017.10.12-11.59.47:766][757]LogInit: FAudioDevice initialized.
[2017.10.12-11.59.47:830][757]LogLoad: Game class is 'MyGame_C'
[2017.10.12-11.59.47:848][757]LogWorld: Bringing World /Game/RollingBP/Maps/UEDPIE_0_Forest.Forest up for play (max tick rate 0) at 2017.10.12-13.59.47
[2017.10.12-11.59.47:861][757]LogWorld: Bringing up level for play took: 0.016888
[2017.10.12-11.59.47:977][757]LogContentBrowser: Native class hierarchy updated for 'MovieSceneCapture' in 0.0011 seconds. Added 11 classes and 0 folders.
[2017.10.12-11.59.47:979][757]LogGameMode: Display: Match State Changed from EnteringMap to WaitingToStart
[2017.10.12-11.59.47:979][757]LogGameState: Match State Changed from EnteringMap to WaitingToStart
[2017.10.12-11.59.47:979][757]LogGameMode: Display: Match State Changed from WaitingToStart to InProgress
[2017.10.12-11.59.47:982][757]LogGameState: Match State Changed from WaitingToStart to InProgress
[2017.10.12-11.59.47:982][757]PIE: Play in editor start time for /Game/RollingBP/Maps/UEDPIE_0_Forest -0.294
[2017.10.12-11.59.47:983][757]LogBlueprintUserMessages: Late PlayInEditor Detection: Level '/Game/RollingBP/Maps/Forest.Forest:PersistentLevel' has LevelScriptBlueprint '/Game/RollingBP/Maps/Forest.Forest:PersistentLevel.Forest' with GeneratedClass '/Game/RollingBP/Maps/Forest.Forest_C' with ClassGeneratedBy '/Game/RollingBP/Maps/Forest.Forest:PersistentLevel.Forest'
[2017.10.12-12.00.01:619][820]LogBlueprintUserMessages: Early EndPlayMap Detection: Level '/Game/RollingBP/Maps/Forest.Forest:PersistentLevel' has LevelScriptBlueprint '/Game/RollingBP/Maps/Forest.Forest:PersistentLevel.Forest' with GeneratedClass '/Game/RollingBP/Maps/Forest.Forest_C' with ClassGeneratedBy '/Game/RollingBP/Maps/Forest.Forest:PersistentLevel.Forest'
[2017.10.12-12.00.01:720][820]LogBlueprintUserMessages: Late EndPlayMap Detection: Level '/Game/RollingBP/Maps/Forest.Forest:PersistentLevel' has LevelScriptBlueprint '/Game/RollingBP/Maps/Forest.Forest:PersistentLevel.Forest' with GeneratedClass '/Game/RollingBP/Maps/Forest.Forest_C' with ClassGeneratedBy '/Game/RollingBP/Maps/Forest.Forest:PersistentLevel.Forest'
[2017.10.12-12.00.37:037][108]LogTemp: Repeating last play command: Selected Viewport
[2017.10.12-12.00.37:065][108]LogBlueprintUserMessages: Early PlayInEditor Detection: Level '/Game/RollingBP/Maps/Forest.Forest:PersistentLevel' has LevelScriptBlueprint '/Game/RollingBP/Maps/Forest.Forest:PersistentLevel.Forest' with GeneratedClass '/Game/RollingBP/Maps/Forest.Forest_C' with ClassGeneratedBy '/Game/RollingBP/Maps/Forest.Forest:PersistentLevel.Forest'
[2017.10.12-12.00.37:065][108]LogPlayLevel: PlayLevel: No blueprints needed recompiling
[2017.10.12-12.00.37:065][108]PIE: New page: PIE session: Forest (Oct 12, 2017, 4:00:37 PM)
[2017.10.12-12.00.37:065][108]LogPlayLevel: Creating play world package: /Game/RollingBP/Maps/UEDPIE_0_Forest
[2017.10.12-12.00.37:069][108]LogPlayLevel: PIE: StaticDuplicateObject took: (0.003902s)
[2017.10.12-12.00.37:070][108]LogAIModule: Creating AISystem for world Forest
[2017.10.12-12.00.37:071][108]LogPlayLevel: PIE: World Init took: (0.001434s)
[2017.10.12-12.00.37:071][108]LogPlayLevel: PIE: Created PIE world by copying editor world from /Game/RollingBP/Maps/Forest.Forest to /Game/RollingBP/Maps/UEDPIE_0_Forest.Forest (0.005828s)
[2017.10.12-12.00.37:124][108]LogInit: XAudio2 using 'Speaker/HP (Realtek High Definition Audio)' : 2 channels at 48 kHz using 32 bits per sample (channel mask 0x3)
[2017.10.12-12.00.37:138][108]LogInit: FAudioDevice initialized.
[2017.10.12-12.00.37:175][108]LogLoad: Game class is 'MyGame_C'
[2017.10.12-12.00.37:180][108]LogWorld: Bringing World /Game/RollingBP/Maps/UEDPIE_0_Forest.Forest up for play (max tick rate 0) at 2017.10.12-14.00.37
[2017.10.12-12.00.37:181][108]LogWorld: Bringing up level for play took: 0.005168
[2017.10.12-12.00.37:182][108]LogGameMode: Display: Match State Changed from EnteringMap to WaitingToStart
[2017.10.12-12.00.37:182][108]LogGameState: Match State Changed from EnteringMap to WaitingToStart
[2017.10.12-12.00.37:182][108]LogGameMode: Display: Match State Changed from WaitingToStart to InProgress
[2017.10.12-12.00.37:184][108]LogGameState: Match State Changed from WaitingToStart to InProgress
[2017.10.12-12.00.37:184][108]PIE: Play in editor start time for /Game/RollingBP/Maps/UEDPIE_0_Forest 0.933
[2017.10.12-12.00.37:185][108]LogBlueprintUserMessages: Late PlayInEditor Detection: Level '/Game/RollingBP/Maps/Forest.Forest:PersistentLevel' has LevelScriptBlueprint '/Game/RollingBP/Maps/Forest.Forest:PersistentLevel.Forest' with GeneratedClass '/Game/RollingBP/Maps/Forest.Forest_C' with ClassGeneratedBy '/Game/RollingBP/Maps/Forest.Forest:PersistentLevel.Forest'
[2017.10.12-12.00.38:578][221]LogBlueprintUserMessages: Early EndPlayMap Detection: Level '/Game/RollingBP/Maps/Forest.Forest:PersistentLevel' has LevelScriptBlueprint '/Game/RollingBP/Maps/Forest.Forest:PersistentLevel.Forest' with GeneratedClass '/Game/RollingBP/Maps/Forest.Forest_C' with ClassGeneratedBy '/Game/RollingBP/Maps/Forest.Forest:PersistentLevel.Forest'
[2017.10.12-12.00.38:653][221]LogBlueprintUserMessages: Late EndPlayMap Detection: Level '/Game/RollingBP/Maps/Forest.Forest:PersistentLevel' has LevelScriptBlueprint '/Game/RollingBP/Maps/Forest.Forest:PersistentLevel.Forest' with GeneratedClass '/Game/RollingBP/Maps/Forest.Forest_C' with ClassGeneratedBy '/Game/RollingBP/Maps/Forest.Forest:PersistentLevel.Forest'
[2017.10.12-12.01.02:345][ 68]LogSlate: Took 0.005480 seconds to synchronously load lazily loaded font '../../../Engine/Content/Editor/Slate/Fonts/Roboto-Italic.ttf' (157K)
[2017.10.12-12.01.07:123][219]LogContentBrowser: Native class hierarchy updated for 'BlueprintGraph' in 0.0012 seconds. Added 113 classes and 0 folders.
[2017.10.12-12.01.08:015][219]LogSlate: Took 0.001261 seconds to synchronously load lazily loaded font '../../../Engine/Content/Editor/Slate/Fonts/Roboto-BoldCondensed.ttf' (158K)
[2017.10.12-12.02.46:694][142]LogSavePackage: Save=96.22ms
[2017.10.12-12.02.46:694][142]LogSavePackage: Moving '../../../../../../Users/s152586/Documents/GitHub/Games-and-Play/MyProject/Saved/ForestE058CDF74B9D4D3986FF1D9FE324B877.tmp' to '../../../../../../Users/s152586/Documents/GitHub/Games-and-Play/MyProject/Content/RollingBP/Maps/Forest.umap'
[2017.10.12-12.02.46:711][142]LogSavePackage: Display: Finished SavePackage ../../../../../../Users/s152586/Documents/GitHub/Games-and-Play/MyProject/Content/RollingBP/Maps/Forest.umap
[2017.10.12-12.02.46:753][142]LogFileHelpers: Saving map 'Forest' took 0.442
[2017.10.12-12.02.46:883][142]LogWindowsTextInputMethodSystem: Display: IME system now deactivated.
[2017.10.12-12.02.47:411][143]Cmd: QUIT_EDITOR
[2017.10.12-12.02.48:258][143]LogExit: Preparing to exit.
[2017.10.12-12.02.48:921][143]LogDirectoryWatcher: A directory notification for 'C:/Users/s152586/Documents/GitHub/Games-and-Play/MyProject/Content/' was aborted.
[2017.10.12-12.02.48:976][143]LogExit: Editor shut down
[2017.10.12-12.02.48:980][143]LogExit: Transaction tracking system shut down
[2017.10.12-12.02.49:136][143]LogDirectoryWatcher: A directory notification for '../../../Engine/Content/' was aborted.
[2017.10.12-12.02.49:137][143]LogDirectoryWatcher: A directory notification for '../../../../../../Users/s152586/Documents/GitHub/Games-and-Play/MyProject/Content/' was aborted.
[2017.10.12-12.02.49:138][143]LogDirectoryWatcher: A directory notification for '../../../Engine/Plugins/2D/Paper2D/Content/' was aborted.
[2017.10.12-12.02.49:138][143]LogDirectoryWatcher: A directory notification for '../../../Engine/Plugins/Runtime/Oculus/OculusVR/Content/' was aborted.
[2017.10.12-12.02.49:138][143]LogDirectoryWatcher: A directory notification for '../../../Engine/Plugins/Runtime/Steam/SteamVR/Content/' was aborted.
[2017.10.12-12.02.49:235][143]LogExit: Object subsystem successfully closed.
[2017.10.12-12.02.49:257][143]LogD3D11RHI: Shutdown
[2017.10.12-12.02.49:257][143]LogD3D11RHI: CleanupD3DDevice
[2017.10.12-12.02.49:326][143]LogD3D11RHI: ~FD3D11DynamicRHI
[2017.10.12-12.02.49:365][143]LogModuleManager: Shutting down and abandoning module BlueprintGraph (538)
[2017.10.12-12.02.49:366][143]LogModuleManager: Shutting down and abandoning module BlueprintProfiler (536)
[2017.10.12-12.02.49:366][143]LogModuleManager: Shutting down and abandoning module MovieSceneCapture (534)
[2017.10.12-12.02.49:366][143]LogModuleManager: Shutting down and abandoning module HierarchicalLODOutliner (532)
[2017.10.12-12.02.49:366][143]LogModuleManager: Shutting down and abandoning module SceneOutliner (530)
[2017.10.12-12.02.49:366][143]LogModuleManager: Shutting down and abandoning module AddContentDialog (528)
[2017.10.12-12.02.49:366][143]LogDirectoryWatcher: A directory notification for 'C:/Program Files/Epic Games/UE_4.17/FeaturePacks/' was aborted.
[2017.10.12-12.02.49:367][143]LogModuleManager: Shutting down and abandoning module WidgetCarousel (527)
[2017.10.12-12.02.49:367][143]LogModuleManager: Shutting down and abandoning module EditorWidgets (524)
[2017.10.12-12.02.49:367][143]LogModuleManager: Shutting down and abandoning module CollectionManager (522)
[2017.10.12-12.02.49:367][143]LogDirectoryWatcher: A directory notification for 'C:/Users/s152586/Documents/GitHub/Games-and-Play/MyProject/Content/Collections/' was aborted.
[2017.10.12-12.02.49:368][143]LogDirectoryWatcher: A directory notification for 'C:/Users/s152586/Documents/GitHub/Games-and-Play/MyProject/Content/Developers/s152586/Collections/' was aborted.
[2017.10.12-12.02.49:368][143]LogDirectoryWatcher: A directory notification for 'C:/Users/s152586/Documents/GitHub/Games-and-Play/MyProject/Saved/Collections/' was aborted.
[2017.10.12-12.02.49:368][143]LogModuleManager: Shutting down and abandoning module StatsViewer (520)
[2017.10.12-12.02.49:368][143]LogModuleManager: Shutting down and abandoning module FoliageEdit (518)
[2017.10.12-12.02.49:368][143]LogModuleManager: Shutting down and abandoning module LandscapeEditor (516)
[2017.10.12-12.02.49:368][143]LogModuleManager: Shutting down and abandoning module MeshPaintMode (514)
[2017.10.12-12.02.49:369][143]LogModuleManager: Shutting down and abandoning module SceneDepthPickerMode (512)
[2017.10.12-12.02.49:369][143]LogModuleManager: Shutting down and abandoning module ActorPickerMode (510)
[2017.10.12-12.02.49:369][143]LogModuleManager: Shutting down and abandoning module GeometryMode (508)
[2017.10.12-12.02.49:369][143]LogModuleManager: Shutting down and abandoning module TextureAlignMode (506)
[2017.10.12-12.02.49:369][143]LogModuleManager: Shutting down and abandoning module BspMode (504)
[2017.10.12-12.02.49:369][143]LogModuleManager: Shutting down and abandoning module PIEPreviewDeviceProfileSelector (502)
[2017.10.12-12.02.49:369][143]LogModuleManager: Shutting down and abandoning module HardwareSurvey (500)
[2017.10.12-12.02.49:369][143]LogModuleManager: Shutting down and abandoning module SequenceRecorderSections (498)
[2017.10.12-12.02.49:369][143]LogModuleManager: Shutting down and abandoning module AutomationWorker (496)
[2017.10.12-12.02.49:369][143]LogModuleManager: Shutting down and abandoning module MatineeToLevelSequence (494)
[2017.10.12-12.02.49:369][143]LogModuleManager: Shutting down and abandoning module LevelSequenceEditor (492)
[2017.10.12-12.02.49:369][143]LogModuleManager: Shutting down and abandoning module PlacementMode (491)
[2017.10.12-12.02.49:369][143]LogModuleManager: Shutting down and abandoning module WmfMediaFactory (488)
[2017.10.12-12.02.49:369][143]LogModuleManager: Shutting down and abandoning module WmfMediaEditor (486)
[2017.10.12-12.02.49:369][143]LogModuleManager: Shutting down and abandoning module AvfMediaFactory (484)
[2017.10.12-12.02.49:369][143]LogModuleManager: Shutting down and abandoning module AvfMediaEditor (482)
[2017.10.12-12.02.49:369][143]LogModuleManager: Shutting down and abandoning module AndroidMediaFactory (480)
[2017.10.12-12.02.49:369][143]LogModuleManager: Shutting down and abandoning module Media (479)
[2017.10.12-12.02.49:369][143]LogModuleManager: Shutting down and abandoning module AndroidMediaEditor (476)
[2017.10.12-12.02.49:369][143]LogModuleManager: Shutting down and abandoning module CharacterAI (474)
[2017.10.12-12.02.49:369][143]LogModuleManager: Shutting down and abandoning module AudioCapture (472)
[2017.10.12-12.02.49:369][143]LogModuleManager: Shutting down and abandoning module SequenceRecorder (471)
[2017.10.12-12.02.49:369][143]LogModuleManager: Shutting down and abandoning module SmartSnapping (468)
[2017.10.12-12.02.49:369][143]LogModuleManager: Shutting down and abandoning module SessionServices (466)
[2017.10.12-12.02.49:369][143]LogModuleManager: Shutting down and abandoning module ViewportSnapping (464)
[2017.10.12-12.02.49:369][143]LogModuleManager: Shutting down and abandoning module ViewportInteraction (462)
[2017.10.12-12.02.49:369][143]LogModuleManager: Shutting down and abandoning module ClothPainter (460)
[2017.10.12-12.02.49:369][143]LogModuleManager: Shutting down and abandoning module LogVisualizer (458)
[2017.10.12-12.02.49:370][143]LogModuleManager: Shutting down and abandoning module IntroTutorials (456)
[2017.10.12-12.02.49:370][143]LogModuleManager: Shutting down and abandoning module GameProjectGeneration (455)
[2017.10.12-12.02.49:370][143]LogModuleManager: Shutting down and abandoning module IOSPlatformEditor (452)
[2017.10.12-12.02.49:370][143]LogModuleManager: Shutting down and abandoning module HTML5PlatformEditor (450)
[2017.10.12-12.02.49:370][143]LogModuleManager: Shutting down and abandoning module AndroidPlatformEditor (448)
[2017.10.12-12.02.49:370][143]LogModuleManager: Shutting down and abandoning module AndroidDeviceDetection (447)
[2017.10.12-12.02.49:835][143]LogModuleManager: Shutting down and abandoning module WindowsPlatformEditor (444)
[2017.10.12-12.02.49:835][143]LogModuleManager: Shutting down and abandoning module IOSRuntimeSettings (442)
[2017.10.12-12.02.49:835][143]LogModuleManager: Shutting down and abandoning module AndroidRuntimeSettings (440)
[2017.10.12-12.02.49:835][143]LogModuleManager: Shutting down and abandoning module InputBindingEditor (438)
[2017.10.12-12.02.49:835][143]LogModuleManager: Shutting down and abandoning module MergeActors (436)
[2017.10.12-12.02.49:836][143]LogModuleManager: Shutting down and abandoning module SizeMap (434)
[2017.10.12-12.02.49:836][143]LogModuleManager: Shutting down and abandoning module TreeMap (432)
[2017.10.12-12.02.49:836][143]LogModuleManager: Shutting down and abandoning module ReferenceViewer (430)
[2017.10.12-12.02.49:836][143]LogModuleManager: Shutting down and abandoning module LocalizationDashboard (428)
[2017.10.12-12.02.49:836][143]LogModuleManager: Shutting down and abandoning module LocalizationService (427)
[2017.10.12-12.02.49:836][143]LogModuleManager: Shutting down and abandoning module HardwareTargeting (424)
[2017.10.12-12.02.49:836][143]LogModuleManager: Shutting down and abandoning module DeviceProfileEditor (422)
[2017.10.12-12.02.49:836][143]LogModuleManager: Shutting down and abandoning module UndoHistory (420)
[2017.10.12-12.02.49:837][143]LogModuleManager: Shutting down and abandoning module XmlParser (418)
[2017.10.12-12.02.49:837][143]LogModuleManager: Shutting down and abandoning module Blutility (416)
[2017.10.12-12.02.49:837][143]LogModuleManager: Shutting down and abandoning module ProjectSettingsViewer (414)
[2017.10.12-12.02.49:837][143]LogModuleManager: Shutting down and abandoning module ProjectTargetPlatformEditor (413)
[2017.10.12-12.02.49:838][143]LogModuleManager: Shutting down and abandoning module EditorSettingsViewer (410)
[2017.10.12-12.02.49:838][143]LogModuleManager: Shutting down and abandoning module SettingsEditor (408)
[2017.10.12-12.02.49:838][143]LogModuleManager: Shutting down and abandoning module ProjectLauncher (406)
[2017.10.12-12.02.49:838][143]LogModuleManager: Shutting down and abandoning module SessionFrontend (404)
[2017.10.12-12.02.49:838][143]LogModuleManager: Shutting down and abandoning module ProfilerClient (402)
[2017.10.12-12.02.49:838][143]LogModuleManager: Shutting down and abandoning module DeviceManager (400)
[2017.10.12-12.02.49:838][143]LogModuleManager: Shutting down and abandoning module TargetDeviceServices (399)
[2017.10.12-12.02.49:892][143]LogModuleManager: Shutting down and abandoning module AutomationController (396)
[2017.10.12-12.02.49:892][143]LogModuleManager: Shutting down and abandoning module AutomationWindow (394)
[2017.10.12-12.02.49:892][143]LogModuleManager: Shutting down and abandoning module Layers (392)
[2017.10.12-12.02.49:892][143]LogModuleManager: Shutting down and abandoning module ComponentVisualizers (390)
[2017.10.12-12.02.49:892][143]LogModuleManager: Shutting down and abandoning module DetailCustomizations (388)
[2017.10.12-12.02.49:892][143]LogModuleManager: Shutting down and abandoning module PackagesDialog (386)
[2017.10.12-12.02.49:893][143]LogModuleManager: Shutting down and abandoning module Persona (384)
[2017.10.12-12.02.49:893][143]LogModuleManager: Shutting down and abandoning module AdvancedPreviewScene (383)
[2017.10.12-12.02.49:893][143]LogModuleManager: Shutting down and abandoning module AnimGraph (381)
[2017.10.12-12.02.49:893][143]LogModuleManager: Shutting down and abandoning module Kismet (378)
[2017.10.12-12.02.49:917][143]LogModuleManager: Shutting down and abandoning module ClassViewer (376)
[2017.10.12-12.02.49:922][143]LogModuleManager: Shutting down and abandoning module Toolbox (374)
[2017.10.12-12.02.49:922][143]LogModuleManager: Shutting down and abandoning module ModuleUI (372)
[2017.10.12-12.02.49:923][143]LogModuleManager: Shutting down and abandoning module MovieSceneTools (370)
[2017.10.12-12.02.49:923][143]LogModuleManager: Shutting down and abandoning module OutputLog (368)
[2017.10.12-12.02.49:923][143]LogModuleManager: Shutting down and abandoning module GammaUI (366)
[2017.10.12-12.02.49:923][143]LogModuleManager: Shutting down and abandoning module Documentation (364)
[2017.10.12-12.02.49:923][143]LogModuleManager: Shutting down and abandoning module MovieSceneTracks (362)
[2017.10.12-12.02.49:923][143]LogModuleManager: Shutting down and abandoning module MovieScene (360)
[2017.10.12-12.02.49:923][143]LogModuleManager: Shutting down and abandoning module Niagara (358)
[2017.10.12-12.02.49:923][143]LogModuleManager: Shutting down and abandoning module NiagaraEditor (357)
[2017.10.12-12.02.49:924][143]LogModuleManager: Shutting down and abandoning module StreamingPauseRendering (354)
[2017.10.12-12.02.49:924][143]LogModuleManager: Shutting down and abandoning module LauncherPlatform (352)
[2017.10.12-12.02.49:924][143]LogModuleManager: Shutting down and abandoning module AnalyticsET (350)
[2017.10.12-12.02.49:924][143]LogModuleManager: Shutting down and abandoning module PortalServices (348)
[2017.10.12-12.02.49:924][143]LogModuleManager: Shutting down and abandoning module PortalRpc (346)
[2017.10.12-12.02.49:924][143]LogModuleManager: Shutting down and abandoning module MessagingRpc (344)
[2017.10.12-12.02.49:924][143]LogModuleManager: Shutting down and abandoning module AIModule (342)
[2017.10.12-12.02.49:924][143]LogModuleManager: Shutting down and abandoning module GameplayDebugger (341)
[2017.10.12-12.02.49:924][143]LogModuleManager: Shutting down and abandoning module AITestSuite (339)
[2017.10.12-12.02.49:924][143]LogModuleManager: Shutting down and abandoning module ProfilerService (336)
[2017.10.12-12.02.50:074][143]LogModuleManager: Shutting down and abandoning module TaskGraph (334)
[2017.10.12-12.02.50:074][143]LogModuleManager: Shutting down and abandoning module SteamVRController (332)
[2017.10.12-12.02.50:074][143]LogModuleManager: Shutting down and abandoning module ProceduralMeshComponentEditor (330)
[2017.10.12-12.02.50:074][143]LogModuleManager: Shutting down and abandoning module ProceduralMeshComponent (328)
[2017.10.12-12.02.50:074][143]LogModuleManager: Shutting down and abandoning module OculusInput (326)
[2017.10.12-12.02.50:074][143]LogModuleManager: Shutting down and abandoning module MobilePatchingUtils (324)
[2017.10.12-12.02.50:074][143]LogModuleManager: Shutting down and abandoning module CustomMeshComponent (322)
[2017.10.12-12.02.50:074][143]LogModuleManager: Shutting down and abandoning module CableComponent (320)
[2017.10.12-12.02.50:074][143]LogModuleManager: Shutting down and abandoning module ArchVisCharacter (318)
[2017.10.12-12.02.50:074][143]LogModuleManager: Shutting down and abandoning module AndroidPermission (316)
[2017.10.12-12.02.50:074][143]LogModuleManager: Shutting down and abandoning module MediaPlayerEditor (312)
[2017.10.12-12.02.50:075][143]LogModuleManager: Shutting down and abandoning module HTML5Networking (310)
[2017.10.12-12.02.50:075][143]LogModuleManager: Shutting down and abandoning module AlembicImporter (308)
[2017.10.12-12.02.50:075][143]LogModuleManager: Shutting down and abandoning module AlembicLibrary (307)
[2017.10.12-12.02.50:075][143]LogModuleManager: Shutting down and abandoning module GeometryCache (306)
[2017.10.12-12.02.50:075][143]LogModuleManager: Shutting down and abandoning module GeometryCacheEd (305)
[2017.10.12-12.02.50:075][143]LogModuleManager: Shutting down and abandoning module SpeedTreeImporter (300)
[2017.10.12-12.02.50:075][143]LogModuleManager: Shutting down and abandoning module PluginBrowser (298)
[2017.10.12-12.02.50:075][143]LogModuleManager: Shutting down and abandoning module MobileLauncherProfileWizard (296)
[2017.10.12-12.02.50:075][143]LogModuleManager: Shutting down and abandoning module VisualStudioSourceCodeAccess (294)
[2017.10.12-12.02.50:075][143]LogModuleManager: Shutting down and abandoning module DesktopPlatform (293)
[2017.10.12-12.02.50:075][143]LogModuleManager: Shutting down and abandoning module UObjectPlugin (290)
[2017.10.12-12.02.50:075][143]LogModuleManager: Shutting down and abandoning module SubversionSourceControl (288)
[2017.10.12-12.02.50:076][143]LogModuleManager: Shutting down and abandoning module PerforceSourceControl (286)
[2017.10.12-12.02.50:076][143]LogModuleManager: Shutting down and abandoning module GitSourceControl (284)
[2017.10.12-12.02.50:076][143]LogModuleManager: Shutting down and abandoning module SourceControl (283)
[2017.10.12-12.02.50:076][143]LogModuleManager: Shutting down and abandoning module LightPropagationVolumeEditor (280)
[2017.10.12-12.02.50:076][143]LogModuleManager: Shutting down and abandoning module PaperTiledImporter (278)
[2017.10.12-12.02.50:076][143]LogModuleManager: Shutting down and abandoning module PaperSpriteSheetImporter (276)
[2017.10.12-12.02.50:076][143]LogModuleManager: Shutting down and abandoning module Paper2DEditor (274)
[2017.10.12-12.02.50:076][143]LogModuleManager: Shutting down and abandoning module MeshPaint (273)
[2017.10.12-12.02.50:076][143]LogModuleManager: Shutting down and abandoning module LevelEditor (271)
[2017.10.12-12.02.50:079][143]LogModuleManager: Shutting down and abandoning module PixelInspectorModule (270)
[2017.10.12-12.02.50:079][143]LogModuleManager: Shutting down and abandoning module MainFrame (268)
[2017.10.12-12.02.50:079][143]LogModuleManager: Shutting down and abandoning module HotReload (267)
[2017.10.12-12.02.50:079][143]LogDirectoryWatcher: A directory notification for 'C:/Users/s152586/Documents/GitHub/Games-and-Play/MyProject/Plugins/VictoryPlugin/PluginPackaged/Binaries/Win64' was aborted.
[2017.10.12-12.02.50:081][143]LogModuleManager: Shutting down and abandoning module VictoryBPLibrary (262)
[2017.10.12-12.02.50:081][143]LogModuleManager: Shutting down and abandoning module RuntimePhysXCooking (260)
[2017.10.12-12.02.50:082][143]LogModuleManager: Shutting down and abandoning module PhysXVehiclesEditor (258)
[2017.10.12-12.02.50:082][143]LogModuleManager: Shutting down and abandoning module PhysXVehicles (256)
[2017.10.12-12.02.50:082][143]LogModuleManager: Shutting down and abandoning module OculusEditor (254)
[2017.10.12-12.02.50:082][143]LogModuleManager: Shutting down and abandoning module LocationServicesBPLibrary (252)
[2017.10.12-12.02.50:082][143]LogModuleManager: Shutting down and abandoning module ImmediatePhysicsEditor (250)
[2017.10.12-12.02.50:082][143]LogModuleManager: Shutting down and abandoning module ImmediatePhysics (248)
[2017.10.12-12.02.50:082][143]LogModuleManager: Shutting down and abandoning module UdpMessaging (246)
[2017.10.12-12.02.50:183][143]LogModuleManager: Shutting down and abandoning module TcpMessaging (244)
[2017.10.12-12.02.50:284][143]LogModuleManager: Shutting down and abandoning module GameplayTagsEditor (242)
[2017.10.12-12.02.50:284][143]LogModuleManager: Shutting down and abandoning module FacialAnimationEditor (240)
[2017.10.12-12.02.50:284][143]LogModuleManager: Shutting down and abandoning module FacialAnimation (238)
[2017.10.12-12.02.50:284][143]LogModuleManager: Shutting down and abandoning module AssetManagerEditor (236)
[2017.10.12-12.02.50:284][143]LogModuleManager: Shutting down and abandoning module GraphEditor (235)
[2017.10.12-12.02.50:284][143]LogModuleManager: Shutting down and abandoning module ContentBrowser (233)
[2017.10.12-12.02.50:286][143]LogModuleManager: Shutting down and abandoning module LightPropagationVolumeRuntime (230)
[2017.10.12-12.02.50:286][143]LogModuleManager: Shutting down and abandoning module Paper2D (228)
[2017.10.12-12.02.50:286][143]LogModuleManager: Shutting down and abandoning module WindowsMoviePlayer (226)
[2017.10.12-12.02.50:286][143]LogModuleManager: Shutting down and abandoning module WmfMedia (224)
[2017.10.12-12.02.50:287][143]LogModuleManager: Shutting down and abandoning module PacketHandler (222)
[2017.10.12-12.02.50:287][143]LogModuleManager: Shutting down and abandoning module ClothingSystemEditor (220)
[2017.10.12-12.02.50:287][143]LogModuleManager: Shutting down and abandoning module ClothingSystemRuntime (218)
[2017.10.12-12.02.50:287][143]LogModuleManager: Shutting down and abandoning module Overlay (216)
[2017.10.12-12.02.50:287][143]LogModuleManager: Shutting down and abandoning module OverlayEditor (215)
[2017.10.12-12.02.50:287][143]LogModuleManager: Shutting down and abandoning module MediaAssets (212)
[2017.10.12-12.02.50:287][143]LogModuleManager: Shutting down and abandoning module VREditor (210)
[2017.10.12-12.02.50:287][143]LogModuleManager: Shutting down and abandoning module StringTableEditor (208)
[2017.10.12-12.02.50:287][143]LogModuleManager: Shutting down and abandoning module GameplayTasksEditor (206)
[2017.10.12-12.02.50:287][143]LogModuleManager: Shutting down and abandoning module BehaviorTreeEditor (204)
[2017.10.12-12.02.50:287][143]LogModuleManager: Shutting down and abandoning module FunctionalTesting (202)
[2017.10.12-12.02.50:287][143]LogModuleManager: Shutting down and abandoning module CollisionAnalyzer (200)
[2017.10.12-12.02.50:287][143]LogModuleManager: Shutting down and abandoning module WorkspaceMenuStructure (199)
[2017.10.12-12.02.50:287][143]LogModuleManager: Shutting down and abandoning module UMG (196)
[2017.10.12-12.02.50:287][143]LogModuleManager: Shutting down and abandoning module UMGEditor (195)
[2017.10.12-12.02.50:287][143]LogModuleManager: Shutting down and abandoning module Sequencer (194)
[2017.10.12-12.02.50:287][143]LogModuleManager: Shutting down and abandoning module MessageLog (191)
[2017.10.12-12.02.50:287][143]LogModuleManager: Shutting down and abandoning module SlateReflector (186)
[2017.10.12-12.02.50:287][143]LogModuleManager: Shutting down and abandoning module Slate (184)
[2017.10.12-12.02.50:287][143]LogModuleManager: Shutting down and abandoning module EditorStyle (182)
[2017.10.12-12.02.50:290][143]LogModuleManager: Shutting down and abandoning module MRMesh (180)
[2017.10.12-12.02.50:290][143]LogModuleManager: Shutting down and abandoning module SourceCodeAccess (178)
[2017.10.12-12.02.50:290][143]LogModuleManager: Shutting down and abandoning module HeadMountedDisplay (176)
[2017.10.12-12.02.50:291][143]LogModuleManager: Shutting down and abandoning module XAudio2 (174)
[2017.10.12-12.02.50:291][143]LogModuleManager: Shutting down and abandoning module Networking (172)
[2017.10.12-12.02.50:291][143]LogModuleManager: Shutting down and abandoning module Core (168)
[2017.10.12-12.02.50:291][143]LogModuleManager: Shutting down and abandoning module KismetCompiler (164)
[2017.10.12-12.02.50:291][143]LogModuleManager: Shutting down and abandoning module LevelSequence (162)
[2017.10.12-12.02.50:291][143]LogModuleManager: Shutting down and abandoning module MeshUtilities (160)
[2017.10.12-12.02.50:291][143]LogModuleManager: Shutting down and abandoning module MeshMergeUtilities (159)
[2017.10.12-12.02.50:291][143]LogModuleManager: Shutting down and abandoning module MeshReductionInterface (158)
[2017.10.12-12.02.50:291][143]LogModuleManager: Shutting down and abandoning module SimplygonSwarm (157)
[2017.10.12-12.02.50:291][143]LogModuleManager: Shutting down and abandoning module SimplygonMeshReduction (155)
[2017.10.12-12.02.50:291][143]LogModuleManager: Shutting down and abandoning module QuadricMeshReduction (153)
[2017.10.12-12.02.50:291][143]LogModuleManager: Shutting down and abandoning module MaterialBaking (149)
[2017.10.12-12.02.50:291][143]LogModuleManager: Shutting down and abandoning module DirectoryWatcher (146)
[2017.10.12-12.02.50:291][143]LogModuleManager: Shutting down and abandoning module DerivedDataCache (144)
[2017.10.12-12.02.50:338][143]LogDerivedDataCache: Shutdown
[2017.10.12-12.02.50:338][143]LogModuleManager: Shutting down and abandoning module TargetPlatform (142)
[2017.10.12-12.02.50:338][143]LogModuleManager: Shutting down and abandoning module VulkanShaderFormat (141)
[2017.10.12-12.02.50:338][143]LogModuleManager: Shutting down and abandoning module ShaderFormatVectorVM (139)
[2017.10.12-12.02.50:338][143]LogModuleManager: Shutting down and abandoning module ShaderFormatOpenGL (137)
[2017.10.12-12.02.50:338][143]LogModuleManager: Shutting down and abandoning module ShaderFormatD3D (135)
[2017.10.12-12.02.50:338][143]LogModuleManager: Shutting down and abandoning module MetalShaderFormat (133)
[2017.10.12-12.02.50:338][143]LogModuleManager: Shutting down and abandoning module TextureFormatUncompressed (131)
[2017.10.12-12.02.50:338][143]LogModuleManager: Shutting down and abandoning module TextureFormatPVR (129)
[2017.10.12-12.02.50:338][143]LogModuleManager: Shutting down and abandoning module TextureFormatDXT (127)
[2017.10.12-12.02.50:338][143]LogModuleManager: Shutting down and abandoning module TextureFormatIntelISPCTexComp (125)
[2017.10.12-12.02.50:338][143]LogModuleManager: Shutting down and abandoning module TextureFormatASTC (123)
[2017.10.12-12.02.50:338][143]LogModuleManager: Shutting down and abandoning module ImageWrapper (122)
[2017.10.12-12.02.50:338][143]LogModuleManager: Shutting down and abandoning module TextureFormatAndroid (119)
[2017.10.12-12.02.50:338][143]LogModuleManager: Shutting down and abandoning module AudioFormatOpus (117)
[2017.10.12-12.02.50:338][143]LogModuleManager: Shutting down and abandoning module AudioFormatOgg (115)
[2017.10.12-12.02.50:338][143]LogModuleManager: Shutting down and abandoning module AudioFormatADPCM (113)
[2017.10.12-12.02.50:338][143]LogModuleManager: Shutting down and abandoning module LinuxTargetPlatform (111)
[2017.10.12-12.02.50:339][143]LogModuleManager: Shutting down and abandoning module LinuxServerTargetPlatform (109)
[2017.10.12-12.02.50:339][143]LogModuleManager: Shutting down and abandoning module LinuxNoEditorTargetPlatform (107)
[2017.10.12-12.02.50:339][143]LogModuleManager: Shutting down and abandoning module LinuxClientTargetPlatform (105)
[2017.10.12-12.02.50:339][143]LogModuleManager: Shutting down and abandoning module TVOSTargetPlatform (103)
[2017.10.12-12.02.50:339][143]LogModuleManager: Shutting down and abandoning module Messaging (101)
[2017.10.12-12.02.50:339][143]LogModuleManager: Shutting down and abandoning module IOSTargetPlatform (99)
[2017.10.12-12.02.50:339][143]LogModuleManager: Shutting down and abandoning module HTML5TargetPlatform (97)
[2017.10.12-12.02.50:339][143]LogModuleManager: Shutting down and abandoning module Android_PVRTCTargetPlatform (95)
[2017.10.12-12.02.50:339][143]LogModuleManager: Shutting down and abandoning module Android_MultiTargetPlatform (93)
[2017.10.12-12.02.50:339][143]LogModuleManager: Shutting down and abandoning module Android_ETC2TargetPlatform (91)
[2017.10.12-12.02.50:339][143]LogModuleManager: Shutting down and abandoning module Android_ETC1TargetPlatform (89)
[2017.10.12-12.02.50:339][143]LogModuleManager: Shutting down and abandoning module Android_DXTTargetPlatform (87)
[2017.10.12-12.02.50:339][143]LogModuleManager: Shutting down and abandoning module Android_ATCTargetPlatform (85)
[2017.10.12-12.02.50:339][143]LogModuleManager: Shutting down and abandoning module Android_ASTCTargetPlatform (83)
[2017.10.12-12.02.50:339][143]LogModuleManager: Shutting down and abandoning module AndroidTargetPlatform (81)
[2017.10.12-12.02.50:339][143]LogModuleManager: Shutting down and abandoning module WindowsTargetPlatform (79)
[2017.10.12-12.02.50:339][143]LogModuleManager: Shutting down and abandoning module WindowsServerTargetPlatform (77)
[2017.10.12-12.02.50:339][143]LogModuleManager: Shutting down and abandoning module WindowsNoEditorTargetPlatform (75)
[2017.10.12-12.02.50:339][143]LogModuleManager: Shutting down and abandoning module WindowsClientTargetPlatform (73)
[2017.10.12-12.02.50:339][143]LogModuleManager: Shutting down and abandoning module MacTargetPlatform (71)
[2017.10.12-12.02.50:339][143]LogModuleManager: Shutting down and abandoning module MacServerTargetPlatform (69)
[2017.10.12-12.02.50:339][143]LogModuleManager: Shutting down and abandoning module MacNoEditorTargetPlatform (67)
[2017.10.12-12.02.50:339][143]LogModuleManager: Shutting down and abandoning module MacClientTargetPlatform (65)
[2017.10.12-12.02.50:339][143]LogModuleManager: Shutting down and abandoning module AllDesktopTargetPlatform (63)
[2017.10.12-12.02.50:339][143]LogModuleManager: Shutting down and abandoning module InputCore (60)
[2017.10.12-12.02.50:339][143]LogModuleManager: Shutting down and abandoning module Settings (58)
[2017.10.12-12.02.50:339][143]LogModuleManager: Shutting down and abandoning module PhysXCooking (56)
[2017.10.12-12.02.50:339][143]LogModuleManager: Shutting down and abandoning module SteamVR (54)
[2017.10.12-12.02.50:339][143]LogModuleManager: Shutting down and abandoning module OculusHMD (52)
[2017.10.12-12.02.50:339][143]LogModuleManager: Shutting down and abandoning module ExampleDeviceProfileSelector (50)
[2017.10.12-12.02.50:339][143]LogModuleManager: Shutting down and abandoning module OnlineBlueprintSupport (48)
[2017.10.12-12.02.50:339][143]LogModuleManager: Shutting down and abandoning module OnlineSubsystem (44)
[2017.10.12-12.02.50:339][143]LogOnline: Display: Unloading online subsystem: NULL
[2017.10.12-12.02.50:339][143]LogModuleManager: Shutting down and abandoning module XMPP (43)
[2017.10.12-12.02.50:339][143]LogModuleManager: Shutting down and abandoning module HTTP (41)
[2017.10.12-12.02.50:339][143]LogHttp: Display: Http module shutting down, but needs to wait on 1 outstanding Http requests:
[2017.10.12-12.02.50:339][143]LogHttp: Display: 	verb=[POST] url=[https://datarouter.ol.epicgames.com/datarouter/api/v1/public/data?SessionID=%7BA15C6643-4CEB-9566-F79F-028DF674F8CB%7D&AppID=UEEditor.Rocket.Release&AppVersion=4.17.2-3658906%2B%2B%2BUE4%2BRelease-4.17&UserID=6fe3951f49250199a767dbacb8ee543e%7C860ad200d41c419dab1f35a7fe0f7e06%7Ca5d0a865-3096-43ca-8d8f-0b74dc597683&AppEnvironment=datacollector-binary&UploadType=eteventstream] status=Processing
[2017.10.12-12.02.50:358][143]LogModuleManager: Shutting down and abandoning module SSL (40)
[2017.10.12-12.02.50:360][143]LogModuleManager: Shutting down and abandoning module AnimationModifiers (36)
[2017.10.12-12.02.50:360][143]LogModuleManager: Shutting down and abandoning module PropertyEditor (35)
[2017.10.12-12.02.50:360][143]LogModuleManager: Shutting down and abandoning module AudioEditor (32)
[2017.10.12-12.02.50:360][143]LogModuleManager: Shutting down and abandoning module TextureCompressor (30)
[2017.10.12-12.02.50:360][143]LogModuleManager: Shutting down and abandoning module ShaderCore (28)
[2017.10.12-12.02.50:360][143]LogModuleManager: Shutting down and abandoning module Landscape (26)
[2017.10.12-12.02.50:360][143]LogModuleManager: Shutting down and abandoning module SlateRHIRenderer (24)
[2017.10.12-12.02.50:361][143]LogModuleManager: Shutting down and abandoning module OpenGLDrv (22)
[2017.10.12-12.02.50:361][143]LogModuleManager: Shutting down and abandoning module D3D11RHI (20)
[2017.10.12-12.02.50:361][143]LogModuleManager: Shutting down and abandoning module AnimGraphRuntime (18)
[2017.10.12-12.02.50:361][143]LogModuleManager: Shutting down and abandoning module Renderer (16)
[2017.10.12-12.02.50:361][143]LogModuleManager: Shutting down and abandoning module Engine (14)
[2017.10.12-12.02.50:361][143]LogModuleManager: Shutting down and abandoning module CoreUObject (12)
[2017.10.12-12.02.50:361][143]LogModuleManager: Shutting down and abandoning module NetworkFile (10)
[2017.10.12-12.02.50:361][143]LogModuleManager: Shutting down and abandoning module CookedIterativeFile (8)
[2017.10.12-12.02.50:361][143]LogModuleManager: Shutting down and abandoning module StreamingFile (6)
[2017.10.12-12.02.50:361][143]LogModuleManager: Shutting down and abandoning module SandboxFile (4)
[2017.10.12-12.02.50:361][143]LogModuleManager: Shutting down and abandoning module PakFile (2)
[2017.10.12-12.02.50:364][143]LogExit: Exiting.
[2017.10.12-12.02.50:379][143]Log file closed, 10/12/17 14:02:50
