Log file open, 10/03/17 14:27:44
LogWindows: LoadLibraryWithSearchPaths failed for file aqProf.dll. GetLastError=0
LogWindows: LoadLibraryWithSearchPaths failed for file VSPerf140.dll. GetLastError=0
LogWindows: LoadLibraryWithSearchPaths failed for file VtuneApi.dll. GetLastError=0
LogWindows: LoadLibraryWithSearchPaths failed for file VtuneApi32e.dll. GetLastError=0
LogInit: Display: Running engine for game: MyProject
LogPlatformFile: Not using cached read wrapper
LogInit: Display: RandInit(-2058930224) SRandInit(-2058930224).
LogTaskGraph: Started task graph with 5 named threads and 14 total threads with 3 sets of task threads.
LogStats: Stats thread started at 0.174478
LogD3D11RHI: Aftermath initialized
LogPluginManager: Mounting plugin Paper2D
LogPluginManager: Mounting plugin LightPropagationVolume
LogPluginManager: Mounting plugin CodeLiteSourceCodeAccess
LogPluginManager: Mounting plugin GitSourceControl
LogPluginManager: Mounting plugin KDevelopSourceCodeAccess
LogPluginManager: Mounting plugin NullSourceCodeAccess
LogPluginManager: Mounting plugin PerforceSourceControl
LogPluginManager: Mounting plugin SubversionSourceControl
LogPluginManager: Mounting plugin UObjectPlugin
LogPluginManager: Mounting plugin VisualStudioSourceCodeAccess
LogPluginManager: Mounting plugin XCodeSourceCodeAccess
LogPluginManager: Mounting plugin AssetManagerEditor
LogPluginManager: Mounting plugin AudioCapture
LogPluginManager: Mounting plugin FacialAnimation
LogPluginManager: Mounting plugin GameplayTagsEditor
LogPluginManager: Mounting plugin MobileLauncherProfileWizard
LogPluginManager: Mounting plugin PluginBrowser
LogPluginManager: Mounting plugin SpeedTreeImporter
LogPluginManager: Mounting plugin AlembicImporter
LogPluginManager: Mounting plugin CharacterAI
LogPluginManager: Mounting plugin HTML5Networking
LogPluginManager: Mounting plugin AndroidMedia
LogPluginManager: Mounting plugin AvfMedia
LogPluginManager: Mounting plugin MediaPlayerEditor
LogPluginManager: Mounting plugin WmfMedia
LogPluginManager: Mounting plugin TcpMessaging
LogPluginManager: Mounting plugin UdpMessaging
LogPluginManager: Mounting plugin LevelSequenceEditor
LogPluginManager: Mounting plugin MatineeToLevelSequence
LogPluginManager: Mounting plugin OnlineSubsystemGooglePlay
LogPluginManager: Mounting plugin OnlineSubsystemIOS
LogPluginManager: Mounting plugin OnlineSubsystem
LogPluginManager: Mounting plugin OnlineSubsystemNull
LogPluginManager: Mounting plugin OnlineSubsystemUtils
LogPluginManager: Mounting plugin AndroidDeviceProfileSelector
LogPluginManager: Mounting plugin AndroidMoviePlayer
LogPluginManager: Mounting plugin AndroidPermission
LogPluginManager: Mounting plugin AppleMoviePlayer
LogPluginManager: Mounting plugin ArchVisCharacter
LogPluginManager: Mounting plugin CableComponent
LogPluginManager: Mounting plugin CustomMeshComponent
LogPluginManager: Mounting plugin ExampleDeviceProfileSelector
LogPluginManager: Mounting plugin GoogleCloudMessaging
LogPluginManager: Mounting plugin ImmediatePhysics
LogPluginManager: Mounting plugin IOSDeviceProfileSelector
LogPluginManager: Mounting plugin LinuxDeviceProfileSelector
LogPluginManager: Mounting plugin LocationServicesBPLibrary
LogPluginManager: Mounting plugin MobilePatchingUtils
LogPluginManager: Mounting plugin OculusVR
LogPluginManager: Mounting plugin PhysXVehicles
LogPluginManager: Mounting plugin ProceduralMeshComponent
LogPluginManager: Mounting plugin RuntimePhysXCooking
LogPluginManager: Mounting plugin SteamVR
LogPluginManager: Mounting plugin WindowsMoviePlayer
LogPluginManager: Mounting plugin VictoryBPLibrary
LogInit: Using libcurl 7.47.1
LogInit:  - built for x86_64-pc-win32
LogInit:  - supports SSL with OpenSSL/1.0.2g
LogInit:  - supports HTTP deflate (compression) using libz 1.2.8
LogInit:  - other features:
LogInit:      CURL_VERSION_SSL
LogInit:      CURL_VERSION_LIBZ
LogInit:      CURL_VERSION_IPV6
LogInit:      CURL_VERSION_ASYNCHDNS
LogInit:      CURL_VERSION_LARGEFILE
LogInit:      CURL_VERSION_IDN
LogInit:  CurlRequestOptions (configurable via config and command line):
LogInit:  - bVerifyPeer = false  - Libcurl will NOT verify peer certificate
LogInit:  - bUseHttpProxy = false  - Libcurl will NOT use HTTP proxy
LogInit:  - bDontReuseConnections = false  - Libcurl will reuse connections
LogInit:  - CertBundlePath = nullptr  - Libcurl will use whatever was configured at build time.
LogInit: Build: ++UE4+Release-4.17-CL-3586342
LogInit: Engine Version: 4.17.1-3586342+++UE4+Release-4.17
LogInit: Compatible Engine Version: 4.17.0-3573198+++UE4+Release-4.17
LogInit: Net CL: 3573198
LogDevObjectVersion: Number of dev versions registered: 16
LogDevObjectVersion:   Dev-Blueprints (B0D832E4-1F89-4F0D-ACCF-7EB736FD4AA2): 10
LogDevObjectVersion:   Dev-Build (E1C64328-A22C-4D53-A36C-8E866417BD8C): 0
LogDevObjectVersion:   Dev-Core (375EC13C-06E4-48FB-B500-84F0262A717E): 2
LogDevObjectVersion:   Dev-Editor (E4B068ED-F494-42E9-A231-DA0B2E46BB41): 20
LogDevObjectVersion:   Dev-Framework (CFFC743F-43B0-4480-9391-14DF171D2073): 28
LogDevObjectVersion:   Dev-Mobile (B02B49B5-BB20-44E9-A304-32B752E40360): 0
LogDevObjectVersion:   Dev-Networking (A4E4105C-59A1-49B5-A7C5-40C4547EDFEE): 0
LogDevObjectVersion:   Dev-Online (39C831C9-5AE6-47DC-9A44-9C173E1C8E7C): 0
LogDevObjectVersion:   Dev-Physics (78F01B33-EBEA-4F98-B9B4-84EACCB95AA2): 0
LogDevObjectVersion:   Dev-Platform (6631380F-2D4D-43E0-8009-CF276956A95A): 0
LogDevObjectVersion:   Dev-Rendering (12F88B9F-8875-4AFC-A67C-D90C383ABD29): 19
LogDevObjectVersion:   Dev-Sequencer (7B5AE74C-D270-4C10-A958-57980B212A5A): 4
LogDevObjectVersion:   Dev-VR (D7296918-1DD6-4BDD-9DE2-64A83CC13884): 0
LogDevObjectVersion:   Dev-LoadTimes (C2A15278-BFE7-4AFE-6C17-90FF531DF755): 1
LogDevObjectVersion:   Private-Geometry (6EACA3D4-40EC-4CC1-B786-8BED09428FC5): 1
LogDevObjectVersion:   Dev-AnimPhys (29E575DD-E0A3-4627-9D10-D276232CDCEA): 7
LogInit: Compiled (64-bit): Aug 15 2017 02:05:26
LogInit: Compiled with Visual C++: 19.00.24215.01
LogInit: Build Configuration: Development
LogInit: Branch Name: ++UE4+Release-4.17
LogInit: Command line:  /Temp/Autosaves/Game/RollingBP/Maps/UEDPCMainMenu -game -PIEVIACONSOLE -ResX=1280 -ResY=720  -Multiprocess -messaging -SessionName="Play in Standalone Game" -windowed 
LogInit: Base directory: C:/Program Files/Epic Games/UE_4.17/Engine/Binaries/Win64/
LogInit: Installed Engine Build: 1
LogInit: Presizing for max 8388607 objects, including 0 objects not considered by GC, pre-allocating 0 bytes for permanent pool.
LogInit: Object subsystem initialized
[2017.10.03-12.27.44:960][  0]LogInit: Selected Device Profile: [Windows]
[2017.10.03-12.27.44:960][  0]LogInit: Applying CVar settings loaded from the selected device profile: [Windows]
[2017.10.03-12.27.44:964][  0]LogInit: Computer: S147382
[2017.10.03-12.27.44:964][  0]LogInit: User: s147382
[2017.10.03-12.27.44:964][  0]LogInit: CPU Page size=4096, Cores=4
[2017.10.03-12.27.44:964][  0]LogInit: High frequency timer resolution =2.338343 MHz
[2017.10.03-12.27.44:964][  0]LogMemory: Memory total: Physical=7.8GB (8GB approx)
[2017.10.03-12.27.44:964][  0]LogMemory: Platform Memory Stats for Windows
[2017.10.03-12.27.44:964][  0]LogMemory: Process Physical Memory: 277.75 MB used, 277.75 MB peak
[2017.10.03-12.27.44:964][  0]LogMemory: Process Virtual Memory: 283.19 MB used, 283.19 MB peak
[2017.10.03-12.27.44:964][  0]LogMemory: Physical Memory: 5804.30 MB used,  2188.76 MB free, 7993.06 MB total
[2017.10.03-12.27.44:964][  0]LogMemory: Virtual Memory: 663.87 MB used,  2188.76 MB free, 134217728.00 MB total
[2017.10.03-12.27.45:123][  0]LogInit: Using OS detected language (en-US).
[2017.10.03-12.27.45:123][  0]LogInit: Using OS detected locale (en-US).
[2017.10.03-12.27.45:126][  0]LogTextLocalizationManager: No specific localization for 'en-US' exists, so the 'en' localization will be used.
[2017.10.03-12.27.45:623][  0]LogD3D11RHI: D3D11 adapters:
[2017.10.03-12.27.45:648][  0]LogD3D11RHI:    0. 'NVIDIA Quadro K610M' (Feature Level 11_0)
[2017.10.03-12.27.45:648][  0]LogD3D11RHI:       958/0/3996 MB DedicatedVideo/DedicatedSystem/SharedSystem, Outputs:1, VendorId:0x10de
[2017.10.03-12.27.45:668][  0]LogD3D11RHI:    1. 'NVIDIA Quadro K610M' (Feature Level 11_0)
[2017.10.03-12.27.45:669][  0]LogD3D11RHI:       958/0/3996 MB DedicatedVideo/DedicatedSystem/SharedSystem, Outputs:0, VendorId:0x10de
[2017.10.03-12.27.45:670][  0]LogD3D11RHI:    2. 'Microsoft Basic Render Driver' (Feature Level 11_0)
[2017.10.03-12.27.45:670][  0]LogD3D11RHI:       958/0/3996 MB DedicatedVideo/DedicatedSystem/SharedSystem, Outputs:0, VendorId:0x1414
[2017.10.03-12.27.45:670][  0]LogD3D11RHI: Chosen D3D11 Adapter: 0
[2017.10.03-12.27.45:676][  0]LogD3D11RHI: Creating new Direct3DDevice
[2017.10.03-12.27.45:676][  0]LogD3D11RHI:     GPU DeviceId: 0x12b9 (for the marketing name, search the web for "GPU Device Id")
[2017.10.03-12.27.45:676][  0]LogWindows: EnumDisplayDevices:
[2017.10.03-12.27.45:676][  0]LogWindows:    0. 'Intel(R) HD Graphics 4600' (P:1 D:1)
[2017.10.03-12.27.45:677][  0]LogWindows:    1. 'Intel(R) HD Graphics 4600' (P:0 D:0)
[2017.10.03-12.27.45:677][  0]LogWindows:    2. 'Intel(R) HD Graphics 4600' (P:0 D:0)
[2017.10.03-12.27.45:677][  0]LogWindows:    3. 'NVIDIA Quadro K610M' (P:0 D:0)
[2017.10.03-12.27.45:677][  0]LogWindows:    4. 'NVIDIA Quadro K610M' (P:0 D:0)
[2017.10.03-12.27.45:677][  0]LogWindows:    5. 'NVIDIA Quadro K610M' (P:0 D:0)
[2017.10.03-12.27.45:677][  0]LogWindows:    6. 'NVIDIA Quadro K610M' (P:0 D:0)
[2017.10.03-12.27.45:677][  0]LogWindows: DebugString: PrimaryIsNotTheChoosenAdapter PrimaryIsNotTheChoosenAdapter PrimaryIsNotTheChoosenAdapter FoundDriverCount:4 
[2017.10.03-12.27.45:677][  0]LogD3D11RHI:     Adapter Name: NVIDIA Quadro K610M
[2017.10.03-12.27.45:677][  0]LogD3D11RHI:   Driver Version: 377.11 (internal:21.21.13.7711, unified:377.11)
[2017.10.03-12.27.45:677][  0]LogD3D11RHI:      Driver Date: 3-17-2017
[2017.10.03-12.27.45:677][  0]LogRHI: Texture pool is 670 MB (70% of 958 MB)
[2017.10.03-12.27.45:695][  0]LogD3D11RHI: Async texture creation enabled
[2017.10.03-12.27.45:713][  0]LogD3D11RHI: GPU Timing Frequency: 1000.000000 (Debug: 2 2)
[2017.10.03-12.27.45:714][  0]LogShaderCompilers: Guid format shader working directory is -14 characters bigger than the processId version (../../../../../../Users/s147382/Dropbox/Personal TUe/MyProject/Intermediate/Shaders/WorkingDirectory/7588/).
[2017.10.03-12.27.45:714][  0]LogShaderCompilers: Cleaned the shader compiler working directory 'C:/Users/s147382/AppData/Local/Temp/UnrealShaderWorkingDir/B34CDFA741B288BF9490E08D00722AD4/'.
[2017.10.03-12.27.45:714][  0]LogShaderCompilers: Display: Using Local Shader Compiler.
[2017.10.03-12.27.46:684][  0]LogTemp: Display: Loaded TP WindowsClientTargetPlatform
[2017.10.03-12.27.46:735][  0]LogTemp: Display: Loaded TP WindowsNoEditorTargetPlatform
[2017.10.03-12.27.46:790][  0]LogTemp: Display: Loaded TP WindowsServerTargetPlatform
[2017.10.03-12.27.46:842][  0]LogTemp: Display: Loaded TP WindowsTargetPlatform
[2017.10.03-12.27.46:842][  0]LogTargetPlatformManager: Display: Building Assets For Windows
[2017.10.03-12.27.47:333][  0]LogDerivedDataCache: Display: Max Cache Size: 512 MB
[2017.10.03-12.27.47:432][  0]LogDerivedDataCache: Loaded boot cache 0.10s 93MB C:/Users/s147382/AppData/Local/UnrealEngine/4.17/DerivedDataCache/Boot.ddc.
[2017.10.03-12.27.47:432][  0]LogDerivedDataCache: Display: Loaded Boot cache: C:/Users/s147382/AppData/Local/UnrealEngine/4.17/DerivedDataCache/Boot.ddc
[2017.10.03-12.27.47:432][  0]LogDerivedDataCache: FDerivedDataBackendGraph:  Pak pak cache file ../../../../../../Users/s147382/Dropbox/Personal TUe/MyProject/DerivedDataCache/DDC.ddp not found, will not use a pak cache.
[2017.10.03-12.27.47:432][  0]LogDerivedDataCache: Unable to find inner node Pak for hierarchical cache Hierarchy.
[2017.10.03-12.27.47:432][  0]LogDerivedDataCache: FDerivedDataBackendGraph:  CompressedPak pak cache file ../../../../../../Users/s147382/Dropbox/Personal TUe/MyProject/DerivedDataCache/Compressed.ddp not found, will not use a pak cache.
[2017.10.03-12.27.47:432][  0]LogDerivedDataCache: Unable to find inner node CompressedPak for hierarchical cache Hierarchy.
[2017.10.03-12.27.47:451][  0]LogDerivedDataCache: Display: Pak cache opened for reading ../../../Engine/DerivedDataCache/Compressed.ddp.
[2017.10.03-12.27.47:464][  0]LogDerivedDataCache: Using Local data cache path C:/Users/s147382/AppData/Local/UnrealEngine/Common/DerivedDataCache: Writable
[2017.10.03-12.27.47:475][  0]LogMaterial: Verifying Global Shaders for PCD3D_SM5
[2017.10.03-12.27.47:475][  0]LogSlate: Using Freetype 2.6.0
[2017.10.03-12.27.47:476][  0]LogSlate: SlateFontCache - WITH_FREETYPE: 1, WITH_HARFBUZZ: 1
[2017.10.03-12.27.47:476][  0]LogSlate: SlateFontCache - WITH_FREETYPE: 1, WITH_HARFBUZZ: 1
[2017.10.03-12.27.47:722][  0]LogAssetRegistry: FAssetRegistry took 0.0045 seconds to start up
[2017.10.03-12.27.47:756][  0]LogPackageLocalizationCache: Processed 6 localized package path(s) for 2 prioritized culture(s) in 0.011488 seconds
[2017.10.03-12.27.47:860][  0]LogInit: Selected Device Profile: [Windows]
[2017.10.03-12.27.47:976][  0]LogContentStreaming: Texture pool size is 1000.00 MB
[2017.10.03-12.27.48:275][  0]LogSimplygon: Simplygon DLL not present - disabling.
[2017.10.03-12.27.48:314][  0]LogMeshReduction: Using SimplygonSwarm for distributed automatic mesh merging
[2017.10.03-12.27.48:315][  0]LogMeshReduction: Using QuadricMeshReduction for automatic static mesh reduction
[2017.10.03-12.27.48:315][  0]LogMeshReduction: No automatic skeletal mesh reduction module available
[2017.10.03-12.27.48:315][  0]LogMeshReduction: No automatic mesh merging module available
[2017.10.03-12.27.48:315][  0]LogMeshMerging: No automatic mesh merging module available
[2017.10.03-12.27.48:916][  0]LogNetVersion: MyProject , NetCL: 3573198, EngineNetVer: 2, GameNetVer: 0 (Checksum: 3113362612)
[2017.10.03-12.27.49:201][  0]LogInit: WinSock: version 1.1 (2.2), MaxSocks=32767, MaxUdp=65467
[2017.10.03-12.27.50:555][  0]LogMoviePlayer: Initializing movie player
[2017.10.03-12.27.50:913][  0]LogCollectionManager: Loaded 0 collections in 0.001683 seconds
[2017.10.03-12.27.50:968][  0]LogFileCache: Scanning file cache for directory 'C:/Users/s147382/Dropbox/Personal TUe/MyProject/Saved/Collections/' took 0.01s
[2017.10.03-12.27.50:968][  0]LogFileCache: Scanning file cache for directory 'C:/Users/s147382/Dropbox/Personal TUe/MyProject/Content/Developers/s147382/Collections/' took 0.01s
[2017.10.03-12.27.50:968][  0]LogFileCache: Scanning file cache for directory 'C:/Users/s147382/Dropbox/Personal TUe/MyProject/Content/Collections/' took 0.01s
[2017.10.03-12.27.50:968][  0]LogCollectionManager: Rebuilt the object cache for 0 collections in 0.000000 seconds (found 0 objects)
[2017.10.03-12.27.50:968][  0]LogCollectionManager: Fixed up redirectors for 0 collections in 0.000075 seconds (updated 0 objects)
[2017.10.03-12.27.51:139][  0]LogTcpMessaging: Initializing TcpMessaging bridge
[2017.10.03-12.27.51:179][  0]LogUdpMessaging: Initializing bridge on interface 0.0.0.0:0 to multicast group 230.0.0.1:6666.
[2017.10.03-12.27.51:672][  0]SourceControl: Source control is disabled
[2017.10.03-12.27.51:672][  0]SourceControl: Source control is disabled
[2017.10.03-12.27.51:720][  0]SourceControl: Source control is disabled
[2017.10.03-12.27.51:984][  0]LogAndroidPermission: UAndroidPermissionCallbackProxy::GetInstance
[2017.10.03-12.27.52:223][  0]LogOcInput: OculusInput pre-init called
[2017.10.03-12.27.52:326][  0]LogUObjectArray: 40086 objects as part of root set at end of initial load.
[2017.10.03-12.27.52:326][  0]LogUObjectAllocator: 8697568 out of 0 bytes used by permanent object pool.
[2017.10.03-12.27.52:326][  0]LogUObjectArray: CloseDisregardForGC: 0/0 objects in disregard for GC pool
[2017.10.03-12.27.52:437][  0]LogEngine: Initializing Engine...
[2017.10.03-12.27.52:439][  0]LogHMD: Failed to initialize OpenVR with code 110
[2017.10.03-12.27.52:656][  0]LogStats: UGameplayTagsManager::ConstructGameplayTagTree: Construct from data asset -  0.000 s
[2017.10.03-12.27.52:656][  0]LogStats: UGameplayTagsManager::ConstructGameplayTagTree: GameplayTagTreeChangedEvent.Broadcast -  0.000 s
[2017.10.03-12.27.52:674][  0]LogInit: XAudio2 using 'Headphones (Grind Wireless Stereo)' : 2 channels at 44.1 kHz using 16 bits per sample (channel mask 0x3)
[2017.10.03-12.27.53:267][  0]LogInit: FAudioDevice initialized.
[2017.10.03-12.27.53:295][  0]LogInit: Texture streaming: Enabled
[2017.10.03-12.27.53:320][  0]LogMaterial: Uniform references updated for custom material expression Custom.
[2017.10.03-12.27.53:590][  0]LogSlateStyle: Warning: Unable to find Slate Widget Style 'NormalText'. Using FTextBlockStyle defaults instead.
[2017.10.03-12.27.53:590][  0]LogSlateStyle: Warning: Unable to find Slate Widget Style 'SpinBox'. Using FSpinBoxStyle defaults instead.
[2017.10.03-12.27.53:811][  0]LogInit: Display: Game Engine Initialized.
[2017.10.03-12.27.53:811][  0]LogGameplayTags: Display: UGameplayTagsManager::DoneAddingNativeTags. DelegateIsBound: 0
[2017.10.03-12.27.53:968][  0]LogInit: Display: Starting Game.
[2017.10.03-12.27.53:968][  0]LogNet: Browse: /Temp/Autosaves/Game/RollingBP/Maps/UEDPCMainMenu?Name=Player
[2017.10.03-12.27.53:968][  0]LogLoad: LoadMap: /Temp/Autosaves/Game/RollingBP/Maps/UEDPCMainMenu?Name=Player
[2017.10.03-12.27.53:989][  0]LogMemory: Platform Memory Stats for Windows
[2017.10.03-12.27.53:989][  0]LogMemory: Process Physical Memory: 815.39 MB used, 939.79 MB peak
[2017.10.03-12.27.53:989][  0]LogMemory: Process Virtual Memory: 925.96 MB used, 1006.71 MB peak
[2017.10.03-12.27.53:989][  0]LogMemory: Physical Memory: 6324.50 MB used,  1668.56 MB free, 7993.06 MB total
[2017.10.03-12.27.53:989][  0]LogMemory: Virtual Memory: 1528.63 MB used,  1668.56 MB free, 134217728.00 MB total
[2017.10.03-12.27.53:989][  0]LogMemory: 
[2017.10.03-12.27.53:989][  0]Allocator Stats for TBB: (not implemented)
[2017.10.03-12.27.54:161][  0]LogAIModule: Creating AISystem for world MainMenu
[2017.10.03-12.27.54:228][  0]LogLoad: Game class is 'RollingGameMode_C'
[2017.10.03-12.27.54:230][  0]LogWorld: Bringing World /Temp/Autosaves/Game/RollingBP/Maps/UEDPCMainMenu.MainMenu up for play (max tick rate 0) at 2017.10.03-14.27.54
[2017.10.03-12.27.54:230][  0]LogWorld: Bringing up level for play took: 0.000625
[2017.10.03-12.27.54:234][  0]LogLoad: Took 0.266180 seconds to LoadMap(/Temp/Autosaves/Game/RollingBP/Maps/UEDPCMainMenu)
[2017.10.03-12.27.54:426][  0]LogRenderer: Reallocating scene render targets to support 1280x720 Format 10 NumSamples 1 (Frame:1).
[2017.10.03-12.27.54:426][  0]LogLoad: (Engine Initialization) Total time: 10.92 seconds
[2017.10.03-12.27.54:426][  0]LogLoad: (Engine Initialization) Total Blueprint compile time: 0.00 seconds
[2017.10.03-12.27.54:426][  0]LogExternalProfiler: No external profilers were discovered.  External profiling features will not be available.
[2017.10.03-12.27.57:641][115]LogWindowsTextInputMethodSystem: Display: IME system now deactivated.
[2017.10.03-12.27.57:644][115]LogEngine: All Windows Closed
[2017.10.03-12.27.57:644][115]LogWindows: FPlatformMisc::RequestExit(0)
[2017.10.03-12.27.58:443][116]LogExit: Preparing to exit.
[2017.10.03-12.27.58:443][116]LogMoviePlayer: Shutting down movie player
